#
# A fatal error has been detected by the Java Runtime Environment:
#
#  SIGSEGV (0xb) at pc=0x00007fa4e6ac9009, pid=9410, tid=9461
#
# JRE version: OpenJDK Runtime Environment (9.0) (build 9-internal+0-2016-04-14-195246.buildd.src)
# Java VM: OpenJDK 64-Bit Server VM (9-internal+0-2016-04-14-195246.buildd.src, mixed mode, tiered, compressed oops, g1 gc, linux-amd64)
# Problematic frame:
# C  [libjava.so+0x1d009]  JNU_GetEnv+0x19
#
# No core dump will be written. Core dumps have been disabled. To enable core dumping, try "ulimit -c unlimited" before starting Java again
#
# If you would like to submit a bug report, please visit:
#   http://bugreport.java.com/bugreport/crash.jsp
# The crash happened outside the Java Virtual Machine in native code.
# See problematic frame for where to report the bug.
#

---------------  S U M M A R Y ------------

Command Line: -Xms16m -Xmx384m /usr/lib/astah_community/astah-community.jar   

Host: Intel(R) Core(TM) i5-2410M CPU @ 2.30GHz, 4 cores, 3G, Linux Mint 18.1 Serena
Time: Tue May 30 10:07:48 2017 BRT elapsed time: 6 seconds (0d 0h 0m 6s)

---------------  T H R E A D  ---------------

Current thread (0x00007fa4e047d000):  JavaThread "AWT-EventQueue-0" [_thread_in_native, id=9461, stack(0x00007fa45ab4a000,0x00007fa45ac4b000)]

Stack: [0x00007fa45ab4a000,0x00007fa45ac4b000],  sp=0x00007fa45ac46590,  free space=1009k
Native frames: (J=compiled Java code, j=interpreted, Vv=VM code, C=native code)
C  [libjava.so+0x1d009]  JNU_GetEnv+0x19
C  [libfontmanager.so+0x33f8e]
C  [libfreetype.so.6+0x14d2b]  FT_Stream_Seek+0x1b

Java frames: (J=compiled Java code, j=interpreted, Vv=VM code)
j  sun.font.FreetypeFontScaler.initNativeScaler(Lsun/font/Font2D;IIZI)J+0 java.desktop@9-internal
j  sun.font.FreetypeFontScaler.<init>(Lsun/font/Font2D;IZI)V+26 java.desktop@9-internal
v  ~StubRoutines::call_stub
j  sun.reflect.NativeConstructorAccessorImpl.newInstance0(Ljava/lang/reflect/Constructor;[Ljava/lang/Object;)Ljava/lang/Object;+0 java.base@9-internal
j  sun.reflect.NativeConstructorAccessorImpl.newInstance([Ljava/lang/Object;)Ljava/lang/Object;+85 java.base@9-internal
j  sun.reflect.DelegatingConstructorAccessorImpl.newInstance([Ljava/lang/Object;)Ljava/lang/Object;+5 java.base@9-internal
J 1773 C1  java.base@9-internal9-internal (73 bytes) @ 0x00007fa4ca517be4 [0x00007fa4ca517880+0x0000000000000364]
j  sun.font.FontScaler.getScaler(Lsun/font/Font2D;IZI)Lsun/font/FontScaler;+39 java.desktop@9-internal
j  sun.font.TrueTypeFont.getScaler()Lsun/font/FontScaler;+21 java.desktop@9-internal
j  sun.font.FileFontStrike.<init>(Lsun/font/FileFont;Lsun/font/FontStrikeDesc;)V+204 java.desktop@9-internal
j  sun.font.FileFont.createStrike(Lsun/font/FontStrikeDesc;)Lsun/font/FontStrike;+18 java.desktop@9-internal
j  sun.font.Font2D.getStrike(Lsun/font/FontStrikeDesc;Z)Lsun/font/FontStrike;+92 java.desktop@9-internal
j  sun.font.Font2D.getStrike(Lsun/font/FontStrikeDesc;)Lsun/font/FontStrike;+3 java.desktop@9-internal
j  sun.font.CompositeStrike.getStrikeForSlot(I)Lsun/font/PhysicalStrike;+23 java.desktop@9-internal
j  sun.font.CompositeStrike.getFontMetrics()Lsun/font/StrikeMetrics;+31 java.desktop@9-internal
j  sun.font.FontDesignMetrics.initMatrixAndMetrics()V+28 java.desktop@9-internal
j  sun.font.FontDesignMetrics.<init>(Ljava/awt/Font;Ljava/awt/font/FontRenderContext;)V+62 java.desktop@9-internal
j  sun.font.FontDesignMetrics.getMetrics(Ljava/awt/Font;Ljava/awt/font/FontRenderContext;)Lsun/font/FontDesignMetrics;+128 java.desktop@9-internal
j  sun.swing.SwingUtilities2.getFontMetrics(Ljavax/swing/JComponent;Ljava/awt/Font;)Ljava/awt/FontMetrics;+15 java.desktop@9-internal
j  javax.swing.JComponent.getFontMetrics(Ljava/awt/Font;)Ljava/awt/FontMetrics;+2 java.desktop@9-internal
j  javax.swing.plaf.synth.SynthGraphicsUtils.getPreferredSize(Ljavax/swing/plaf/synth/SynthContext;Ljava/awt/Font;Ljava/lang/String;Ljavax/swing/Icon;IIIIII)Ljava/awt/Dimension;+110 java.desktop@9-internal
j  javax.swing.plaf.synth.SynthButtonUI.getPreferredSize(Ljavax/swing/JComponent;)Ljava/awt/Dimension;+77 java.desktop@9-internal
j  javax.swing.JComponent.getPreferredSize()Ljava/awt/Dimension;+26 java.desktop@9-internal
j  cc.b(Ljavax/swing/JToolBar;)Ljava/awt/Dimension;+40
j  cc.a(Ljavax/swing/JToolBar;)Ljavax/swing/JButton;+15
j  JP.co.esm.caddies.golf.util.A.b(Ljava/lang/String;)Ljavax/swing/JToolBar;+205
j  JP.co.esm.caddies.jomt.jview.swing.SwingManagementViewPeer.b()V+344
j  JP.co.esm.caddies.jomt.jview.ee.<init>()V+40
j  JP.co.esm.caddies.jomt.jsystem.e.a([Ljava/lang/String;)V+302
j  JP.co.esm.caddies.jomt.Jude.f([Ljava/lang/String;)Z+4
j  JP.co.esm.caddies.jomt.Jude.d([Ljava/lang/String;)V+17
j  JP.co.esm.caddies.jomt.Jude.a(LJP/co/esm/caddies/jomt/Jude;[Ljava/lang/String;)V+2
j  JP.co.esm.caddies.jomt.c.run()V+8
j  java.awt.event.InvocationEvent.dispatch()V+47 java.desktop@9-internal
j  java.awt.EventQueue.dispatchEventImpl(Ljava/awt/AWTEvent;Ljava/lang/Object;)V+21 java.desktop@9-internal
j  java.awt.EventQueue.access$500(Ljava/awt/EventQueue;Ljava/awt/AWTEvent;Ljava/lang/Object;)V+3 java.desktop@9-internal
j  java.awt.EventQueue$3.run()Ljava/lang/Void;+32 java.desktop@9-internal
j  java.awt.EventQueue$3.run()Ljava/lang/Object;+1 java.desktop@9-internal
v  ~StubRoutines::call_stub
j  java.security.AccessController.doPrivileged(Ljava/security/PrivilegedAction;Ljava/security/AccessControlContext;)Ljava/lang/Object;+0 java.base@9-internal
j  java.security.ProtectionDomain$JavaSecurityAccessImpl.doIntersectionPrivilege(Ljava/security/PrivilegedAction;Ljava/security/AccessControlContext;Ljava/security/AccessControlContext;)Ljava/lang/Object;+18 java.base@9-internal
j  java.awt.EventQueue.dispatchEvent(Ljava/awt/AWTEvent;)V+46 java.desktop@9-internal
j  java.awt.EventDispatchThread.pumpOneEventForFilters(I)V+183 java.desktop@9-internal
j  java.awt.EventDispatchThread.pumpEventsForFilter(ILjava/awt/Conditional;Ljava/awt/EventFilter;)V+35 java.desktop@9-internal
j  java.awt.EventDispatchThread.pumpEventsForHierarchy(ILjava/awt/Conditional;Ljava/awt/Component;)V+11 java.desktop@9-internal
j  java.awt.EventDispatchThread.pumpEvents(ILjava/awt/Conditional;)V+4 java.desktop@9-internal
j  java.awt.EventDispatchThread.pumpEvents(Ljava/awt/Conditional;)V+3 java.desktop@9-internal
j  java.awt.EventDispatchThread.run()V+9 java.desktop@9-internal
v  ~StubRoutines::call_stub

siginfo: si_signo: 11 (SIGSEGV), si_code: 1 (SEGV_MAPERR), si_addr: 0x0000000000000000

Register to memory mapping:

RAX=0x0000000000000000 is an unknown value
RBX=0x0000000000000000 is an unknown value
RCX=0x0000000000000000 is an unknown value
RDX=0x0000000000010002 is an unknown value
RSP=0x00007fa45ac46590 is pointing into the stack for thread: 0x00007fa4e047d000
RBP=0x00007fa45ac465a0 is pointing into the stack for thread: 0x00007fa4e047d000
RSI=0x0000000000010002 is an unknown value
RDI=0x0000000000000000 is an unknown value
R8 =0x0000000000000000 is an unknown value
R9 =0x0000000000000000 is an unknown value
R10=0x00000000000001db is an unknown value
R11=0x00007fa4e6ac8ff0: JNU_GetEnv+0x0000000000000000 in /usr/lib/jvm/java-9-openjdk-amd64/lib/amd64/libjava.so at 0x00007fa4e6aac000
R12=0x00007fa450245fd0 is an unknown value
R13=0x0000000000000000 is an unknown value
R14=0x0000000000000000 is an unknown value
R15=0x00007fa450258ed0 is an unknown value


Registers:
RAX=0x0000000000000000, RBX=0x0000000000000000, RCX=0x0000000000000000, RDX=0x0000000000010002
RSP=0x00007fa45ac46590, RBP=0x00007fa45ac465a0, RSI=0x0000000000010002, RDI=0x0000000000000000
R8 =0x0000000000000000, R9 =0x0000000000000000, R10=0x00000000000001db, R11=0x00007fa4e6ac8ff0
R12=0x00007fa450245fd0, R13=0x0000000000000000, R14=0x0000000000000000, R15=0x00007fa450258ed0
RIP=0x00007fa4e6ac9009, EFLAGS=0x0000000000010246, CSGSFS=0x002b000000000033, ERR=0x0000000000000004
  TRAPNO=0x000000000000000e

Top of Stack: (sp=0x00007fa45ac46590)
0x00007fa45ac46590:   0000000000000000 bf96e804bb114000
0x00007fa45ac465a0:   00007fa45ac465e0 00007fa45b95ff8e
0x00007fa45ac465b0:   00007fa450258340 00007fa450245fd0
0x00007fa45ac465c0:   0000000000000000 0000000000000000
0x00007fa45ac465d0:   00007fa450245fd0 00007fa450258ed0
0x00007fa45ac465e0:   0000000000000000 00007fa45b696d2b
0x00007fa45ac465f0:   0000000000000000 00007fa45b928d80
0x00007fa45ac46600:   0000000000000000 00007fa45b6aa8e0
0x00007fa45ac46610:   0000000000000002 0000003200000008
0x00007fa45ac46620:   0000000000000000 0000000000000000
0x00007fa45ac46630:   0000006e0000005b 0000000000000000
0x00007fa45ac46640:   0000000000000000 0000007c00000077
0x00007fa45ac46650:   0000000000000000 0000000000000000
0x00007fa45ac46660:   0000000001010101 0101010101010101
0x00007fa45ac46670:   0000000000000000 00007fa450000020
0x00007fa45ac46680:   0000000000000070 00007fa45ac46734
0x00007fa45ac46690:   00007fa450258340 00007fa450258ed0
0x00007fa45ac466a0:   00007fa45ac46734 00007fa4e91d65d4
0x00007fa45ac466b0:   00007fa45ac46800 00007fa45ac466e4
0x00007fa45ac466c0:   00007fa45b9259e0 bf96e804bb114000
0x00007fa45ac466d0:   0000000000000070 00007fa450258180
0x00007fa45ac466e0:   00007fa45b9259e0 00007fa45ac467f8
0x00007fa45ac466f0:   00007fa450258340 00007fa450258ed0
0x00007fa45ac46700:   00007fa450259400 00007fa45b6994c2
0x00007fa45ac46710:   0000000100000000 00007fa45ac46800
0x00007fa45ac46720:   0000000000000000 0000000000000000
0x00007fa45ac46730:   000000005ac467f8 bf96e804bb114000
0x00007fa45ac46740:   00007fa450258180 00007fa45ac46800
0x00007fa45ac46750:   0000000000000000 00007fa450258268
0x00007fa45ac46760:   00007fa45ac46a00 00007fa4502581c8
0x00007fa45ac46770:   00007fa450258340 00007fa45b69b581
0x00007fa45ac46780:   00007fa45ac46800 00007fa45b69b376 

Instructions: (pc=0x00007fa4e6ac9009)
0x00007fa4e6ac8fe9:   ff eb ea 0f 1f 40 00 55 89 f2 48 89 e5 48 83 ec
0x00007fa4e6ac8ff9:   10 64 48 8b 04 25 28 00 00 00 48 89 45 f8 31 c0
0x00007fa4e6ac9009:   48 8b 07 48 8d 75 f0 ff 50 30 48 8b 4d f8 64 48
0x00007fa4e6ac9019:   33 0c 25 28 00 00 00 48 8b 45 f0 75 02 c9 c3 e8 


---------------  P R O C E S S  ---------------

Java Threads: ( => current thread )
  0x00007fa468001000 JavaThread "SeedGenerator Thread" daemon [_thread_blocked, id=9468, stack(0x00007fa448ec1000,0x00007fa448fc2000)]
  0x00007fa450225000 JavaThread "Image Fetcher 0" daemon [_thread_blocked, id=9467, stack(0x00007fa4491c2000,0x00007fa4492c3000)]
  0x00007fa4501d1000 JavaThread "Timer-0" daemon [_thread_blocked, id=9465, stack(0x00007fa4994e2000,0x00007fa4995e3000)]
  0x00007fa4e0011000 JavaThread "DestroyJavaVM" [_thread_blocked, id=9411, stack(0x00007fa4e9820000,0x00007fa4e9921000)]
=>0x00007fa4e047d000 JavaThread "AWT-EventQueue-0" [_thread_in_native, id=9461, stack(0x00007fa45ab4a000,0x00007fa45ac4b000)]
  0x00007fa4e047b800 JavaThread "AWT-Shutdown" [_thread_blocked, id=9460, stack(0x00007fa45ac4b000,0x00007fa45ad4c000)]
  0x00007fa4e0479000 JavaThread "AWT-XAWT" daemon [_thread_in_native, id=9459, stack(0x00007fa45ad4c000,0x00007fa45ae4d000)]
  0x00007fa4e045a000 JavaThread "Java2D Disposer" daemon [_thread_blocked, id=9458, stack(0x00007fa4995e3000,0x00007fa4996e4000)]
  0x00007fa4e0364800 JavaThread "SeedGenerator Thread" daemon [_thread_in_Java, id=9435, stack(0x00007fa4996e4000,0x00007fa4997e5000)]
  0x00007fa4e02a6800 JavaThread "Service Thread" daemon [_thread_blocked, id=9433, stack(0x00007fa4998e6000,0x00007fa4999e7000)]
  0x00007fa4e01b9000 JavaThread "Common-Cleaner" daemon [_thread_blocked, id=9432, stack(0x00007fa4999e7000,0x00007fa499ae8000)]
  0x00007fa4e0179800 JavaThread "Sweeper thread" daemon [_thread_blocked, id=9431, stack(0x00007fa4c8299000,0x00007fa4c839a000)]
  0x00007fa4e0177800 JavaThread "C1 CompilerThread2" daemon [_thread_blocked, id=9430, stack(0x00007fa4c839a000,0x00007fa4c849b000)]
  0x00007fa4e0175800 JavaThread "C2 CompilerThread1" daemon [_thread_in_native, id=9429, stack(0x00007fa4c849b000,0x00007fa4c859c000)]
  0x00007fa4e0173800 JavaThread "C2 CompilerThread0" daemon [_thread_blocked, id=9428, stack(0x00007fa4c859c000,0x00007fa4c869d000)]
  0x00007fa4e016f800 JavaThread "Signal Dispatcher" daemon [_thread_blocked, id=9427, stack(0x00007fa4c869d000,0x00007fa4c879e000)]
  0x00007fa4e016d800 JavaThread "Surrogate Locker Thread (Concurrent GC)" daemon [_thread_blocked, id=9426, stack(0x00007fa4c879e000,0x00007fa4c889f000)]
  0x00007fa4e015b000 JavaThread "Finalizer" daemon [_thread_blocked, id=9425, stack(0x00007fa4c8b78000,0x00007fa4c8c79000)]
  0x00007fa4e0157000 JavaThread "Reference Handler" daemon [_thread_blocked, id=9424, stack(0x00007fa4c8c79000,0x00007fa4c8d7a000)]

Other Threads:
  0x00007fa4e014d000 VMThread [stack: 0x00007fa4c8d7a000,0x00007fa4c8e7b000] [id=9423]
  0x00007fa4e02a9800 WatcherThread [stack: 0x00007fa4997e5000,0x00007fa4998e6000] [id=9434]

Threads with active compile tasks:
C2 CompilerThread11819       4       javax.swing.UIDefaults::get (21 bytes)

VM state:not at safepoint (normal execution)

VM Mutex/Monitor currently owned by a thread: None

heap address: 0x00000000e8000000, size: 384 MB, Compressed Oops mode: 32-bit
Narrow klass base: 0x0000000000000000, Narrow klass shift: 3
Compressed class space size: 1073741824 Address: 0x0000000100000000

Heap:
 garbage-first heap   total 21504K, used 10830K [0x00000000e8000000, 0x00000000e81000a8, 0x0000000100000000)
  region size 1024K, 3 young (3072K), 1 survivors (1024K)
 Metaspace       used 19414K, capacity 20090K, committed 20352K, reserved 1067008K
  class space    used 2403K, capacity 2597K, committed 2688K, reserved 1048576K

Heap Regions: E=young(eden), S=young(survivor), O=old, HS=humongous(starts), HC=humongous(continues), CS=collection set, F=free, A=archive, TS=gc time stamp, AC=allocation context, TAMS=top-at-mark-start (previous, next)
|   0|0x00000000e8000000, 0x00000000e8100000, 0x00000000e8100000|100%| O|  |TS  0|AC  0|TAMS 0x00000000e8100000, 0x00000000e8100000|
|   1|0x00000000e8100000, 0x00000000e8200000, 0x00000000e8200000|100%|HS|  |TS  0|AC  0|TAMS 0x00000000e8200000, 0x00000000e8200000|
|   2|0x00000000e8200000, 0x00000000e8300000, 0x00000000e8300000|100%| O|  |TS  0|AC  0|TAMS 0x00000000e8300000, 0x00000000e8300000|
|   3|0x00000000e8300000, 0x00000000e8400000, 0x00000000e8400000|100%| O|  |TS  0|AC  0|TAMS 0x00000000e8400000, 0x00000000e8400000|
|   4|0x00000000e8400000, 0x00000000e8500000, 0x00000000e8500000|100%| O|  |TS  0|AC  0|TAMS 0x00000000e8500000, 0x00000000e8500000|
|   5|0x00000000e8500000, 0x00000000e8600000, 0x00000000e8600000|100%| O|  |TS  0|AC  0|TAMS 0x00000000e8600000, 0x00000000e8600000|
|   6|0x00000000e8600000, 0x00000000e8600000, 0x00000000e8700000|  0%| F|  |TS  0|AC  0|TAMS 0x00000000e8600000, 0x00000000e8600000|
|   7|0x00000000e8700000, 0x00000000e8800000, 0x00000000e8800000|100%| O|  |TS  0|AC  0|TAMS 0x00000000e8800000, 0x00000000e8800000|
|   8|0x00000000e8800000, 0x00000000e8900000, 0x00000000e8900000|100%| O|  |TS  0|AC  0|TAMS 0x00000000e8900000, 0x00000000e8900000|
|   9|0x00000000e8900000, 0x00000000e89e8400, 0x00000000e8a00000| 90%| O|  |TS  5|AC  0|TAMS 0x00000000e8977600, 0x00000000e8977600|
|  10|0x00000000e8a00000, 0x00000000e8a00000, 0x00000000e8b00000|  0%| F|  |TS  0|AC  0|TAMS 0x00000000e8a00000, 0x00000000e8a00000|
|  11|0x00000000e8b00000, 0x00000000e8b00000, 0x00000000e8c00000|  0%| F|  |TS  0|AC  0|TAMS 0x00000000e8b00000, 0x00000000e8b00000|
|  12|0x00000000e8c00000, 0x00000000e8c00000, 0x00000000e8d00000|  0%| F|  |TS  0|AC  0|TAMS 0x00000000e8c00000, 0x00000000e8c00000|
|  13|0x00000000e8d00000, 0x00000000e8d00000, 0x00000000e8e00000|  0%| F|  |TS  1|AC  0|TAMS 0x00000000e8d00000, 0x00000000e8d00000|
|  14|0x00000000e8e00000, 0x00000000e8e00000, 0x00000000e8f00000|  0%| F|  |TS  0|AC  0|TAMS 0x00000000e8e00000, 0x00000000e8e00000|
|  15|0x00000000e8f00000, 0x00000000e8fab780, 0x00000000e9000000| 66%| S|CS|TS  5|AC  0|TAMS 0x00000000e8f00000, 0x00000000e8f00000|
|  16|0x00000000e9000000, 0x00000000e9000000, 0x00000000e9100000|  0%| F|  |TS  1|AC  0|TAMS 0x00000000e9000000, 0x00000000e9000000|
|  17|0x00000000e9100000, 0x00000000e9100000, 0x00000000e9200000|  0%| F|  |TS  3|AC  0|TAMS 0x00000000e9100000, 0x00000000e9100000|
|  18|0x00000000e9200000, 0x00000000e9200000, 0x00000000e9300000|  0%| F|  |TS  1|AC  0|TAMS 0x00000000e9200000, 0x00000000e9200000|
|  19|0x00000000e9300000, 0x00000000e93bb320, 0x00000000e9400000| 73%| E|  |TS  1|AC  0|TAMS 0x00000000e9300000, 0x00000000e9300000|
|  20|0x00000000e9400000, 0x00000000e9500000, 0x00000000e9500000|100%| E|CS|TS  1|AC  0|TAMS 0x00000000e9400000, 0x00000000e9400000|

Card table byte_map: [0x00007fa4e4dfb000,0x00007fa4e4ebb000] byte_map_base: 0x00007fa4e46bb000

Marking Bits (Prev, Next): (CMBitMap*) 0x00007fa4e00401e0, (CMBitMap*) 0x00007fa4e0040238
 Prev Bits: [0x00007fa4e473b000, 0x00007fa4e4d3b000)
 Next Bits: [0x00007fa4e413b000, 0x00007fa4e473b000)

Polling page: 0x00007fa4e994d000

CodeHeap 'non-nmethods': size=5696Kb used=1276Kb max_used=1294Kb free=4420Kb
 bounds [0x00007fa4c9c51000, 0x00007fa4c9ec1000, 0x00007fa4ca1e1000]
CodeHeap 'profiled nmethods': size=120032Kb used=3384Kb max_used=3384Kb free=116647Kb
 bounds [0x00007fa4ca1e1000, 0x00007fa4ca541000, 0x00007fa4d1719000]
CodeHeap 'non-profiled nmethods': size=120032Kb used=564Kb max_used=564Kb free=119467Kb
 bounds [0x00007fa4d1719000, 0x00007fa4d1989000, 0x00007fa4d8c51000]
 total_blobs=2778 nmethods=1625 adapters=462
 compilation: enabled

Compilation events (10 events):
Event: 6,984 Thread 0x00007fa4e0177800 nmethod 1826 0x00007fa4ca533310 code [0x00007fa4ca5334c0, 0x00007fa4ca5339b0]
Event: 6,984 Thread 0x00007fa4e0177800 1829       3       java.lang.Double::isNaN (12 bytes)
Event: 6,985 Thread 0x00007fa4e0177800 nmethod 1829 0x00007fa4ca272490 code [0x00007fa4ca272600, 0x00007fa4ca2727b0]
Event: 6,988 Thread 0x00007fa4e0173800 nmethod 1803 0x00007fa4d17a5190 code [0x00007fa4d17a5340, 0x00007fa4d17a6738]
Event: 6,989 Thread 0x00007fa4e0177800 1830       3       javax.swing.plaf.synth.Region::getRegion (16 bytes)
Event: 6,989 Thread 0x00007fa4e0177800 nmethod 1830 0x00007fa4ca533b10 code [0x00007fa4ca533cc0, 0x00007fa4ca5340a8]
Event: 6,990 Thread 0x00007fa4e0177800 1831       3       java.awt.Insets::<init> (26 bytes)
Event: 6,990 Thread 0x00007fa4e0177800 nmethod 1831 0x00007fa4ca3f7210 code [0x00007fa4ca3f7380, 0x00007fa4ca3f7530]
Event: 6,991 Thread 0x00007fa4e0177800 1832       3       java.lang.Double::doubleToLongBits (16 bytes)
Event: 6,992 Thread 0x00007fa4e0177800 nmethod 1832 0x00007fa4ca534210 code [0x00007fa4ca5343a0, 0x00007fa4ca534610]

GC Heap History (10 events):
Event: 6,671 GC heap before
{Heap before GC invocations=15 (full 0):
 garbage-first heap   total 16384K, used 10138K [0x00000000e8000000, 0x00000000e8100080, 0x0000000100000000)
  region size 1024K, 2 young (2048K), 1 survivors (1024K)
 Metaspace       used 18877K, capacity 19524K, committed 19712K, reserved 1067008K
  class space    used 2354K, capacity 2560K, committed 2560K, reserved 1048576K
}
Event: 6,673 GC heap after
{Heap after GC invocations=16 (full 0):
 garbage-first heap   total 16384K, used 9139K [0x00000000e8000000, 0x00000000e8100080, 0x0000000100000000)
  region size 1024K, 1 young (1024K), 1 survivors (1024K)
 Metaspace       used 18877K, capacity 19524K, committed 19712K, reserved 1067008K
  class space    used 2354K, capacity 2560K, committed 2560K, reserved 1048576K
}
Event: 6,737 GC heap before
{Heap before GC invocations=16 (full 0):
 garbage-first heap   total 16384K, used 11187K [0x00000000e8000000, 0x00000000e8100080, 0x0000000100000000)
  region size 1024K, 3 young (3072K), 1 survivors (1024K)
 Metaspace       used 18921K, capacity 19588K, committed 19712K, reserved 1067008K
  class space    used 2354K, capacity 2560K, committed 2560K, reserved 1048576K
}
Event: 6,742 GC heap after
{Heap after GC invocations=17 (full 0):
 garbage-first heap   total 16384K, used 9317K [0x00000000e8000000, 0x00000000e8100080, 0x0000000100000000)
  region size 1024K, 1 young (1024K), 1 survivors (1024K)
 Metaspace       used 18921K, capacity 19588K, committed 19712K, reserved 1067008K
  class space    used 2354K, capacity 2560K, committed 2560K, reserved 1048576K
}
Event: 6,828 GC heap before
{Heap before GC invocations=18 (full 0):
 garbage-first heap   total 16384K, used 11365K [0x00000000e8000000, 0x00000000e8100080, 0x0000000100000000)
  region size 1024K, 3 young (3072K), 1 survivors (1024K)
 Metaspace       used 18967K, capacity 19660K, committed 19968K, reserved 1067008K
  class space    used 2354K, capacity 2560K, committed 2560K, reserved 1048576K
}
Event: 6,835 GC heap after
{Heap after GC invocations=19 (full 0):
 garbage-first heap   total 21504K, used 9386K [0x00000000e8000000, 0x00000000e81000a8, 0x0000000100000000)
  region size 1024K, 1 young (1024K), 1 survivors (1024K)
 Metaspace       used 18967K, capacity 19660K, committed 19968K, reserved 1067008K
  class space    used 2354K, capacity 2560K, committed 2560K, reserved 1048576K
}
Event: 6,887 GC heap before
{Heap before GC invocations=19 (full 0):
 garbage-first heap   total 21504K, used 12458K [0x00000000e8000000, 0x00000000e81000a8, 0x0000000100000000)
  region size 1024K, 4 young (4096K), 1 survivors (1024K)
 Metaspace       used 19035K, capacity 19724K, committed 19968K, reserved 1067008K
  class space    used 2354K, capacity 2560K, committed 2560K, reserved 1048576K
}
Event: 6,889 GC heap after
{Heap after GC invocations=20 (full 0):
 garbage-first heap   total 21504K, used 9635K [0x00000000e8000000, 0x00000000e81000a8, 0x0000000100000000)
  region size 1024K, 1 young (1024K), 1 survivors (1024K)
 Metaspace       used 19035K, capacity 19724K, committed 19968K, reserved 1067008K
  class space    used 2354K, capacity 2560K, committed 2560K, reserved 1048576K
}
Event: 6,947 GC heap before
{Heap before GC invocations=20 (full 0):
 garbage-first heap   total 21504K, used 13731K [0x00000000e8000000, 0x00000000e81000a8, 0x0000000100000000)
  region size 1024K, 5 young (5120K), 1 survivors (1024K)
 Metaspace       used 19122K, capacity 19858K, committed 20096K, reserved 1067008K
  class space    used 2360K, capacity 2561K, committed 2688K, reserved 1048576K
}
Event: 6,949 GC heap after
{Heap after GC invocations=21 (full 0):
 garbage-first heap   total 21504K, used 9806K [0x00000000e8000000, 0x00000000e81000a8, 0x0000000100000000)
  region size 1024K, 1 young (1024K), 1 survivors (1024K)
 Metaspace       used 19122K, capacity 19858K, committed 20096K, reserved 1067008K
  class space    used 2360K, capacity 2561K, committed 2688K, reserved 1048576K
}

Deoptimization events (10 events):
Event: 6,407 Thread 0x00007fa4e047d000 Uncommon trap: reason=unstable_if action=reinterpret pc=0x00007fa4d1783cb0 method=java.io.UnixFileSystem.normalize(Ljava/lang/String;)Ljava/lang/String; @ 60
Event: 6,512 Thread 0x00007fa4e047d000 Uncommon trap: reason=unstable_if action=reinterpret pc=0x00007fa4d174cb78 method=java.lang.AbstractStringBuilder.append(Ljava/lang/String;)Ljava/lang/AbstractStringBuilder; @ 1
Event: 6,513 Thread 0x00007fa4e047d000 Uncommon trap: reason=unstable_if action=reinterpret pc=0x00007fa4d178bc00 method=java.lang.AbstractStringBuilder.append(Ljava/lang/String;)Ljava/lang/AbstractStringBuilder; @ 1
Event: 6,550 Thread 0x00007fa4e047d000 Uncommon trap: reason=bimorphic_or_optimized_type_check action=maybe_recompile pc=0x00007fa4d1788100 method=java.util.Hashtable.addEntry(ILjava/lang/Object;Ljava/lang/Object;I)V @ 28
Event: 6,560 Thread 0x00007fa4e047d000 Uncommon trap: reason=bimorphic_or_optimized_type_check action=maybe_recompile pc=0x00007fa4d1788100 method=java.util.Hashtable.addEntry(ILjava/lang/Object;Ljava/lang/Object;I)V @ 28
Event: 6,567 Thread 0x00007fa4e047d000 Uncommon trap: reason=bimorphic_or_optimized_type_check action=maybe_recompile pc=0x00007fa4d1788100 method=java.util.Hashtable.addEntry(ILjava/lang/Object;Ljava/lang/Object;I)V @ 28
Event: 6,569 Thread 0x00007fa4e047d000 Uncommon trap: reason=unstable_if action=reinterpret pc=0x00007fa4d1723c08 method=java.util.HashMap.hash(Ljava/lang/Object;)I @ 1
Event: 6,570 Thread 0x00007fa4e047d000 Uncommon trap: reason=bimorphic_or_optimized_type_check action=maybe_recompile pc=0x00007fa4d1788100 method=java.util.Hashtable.addEntry(ILjava/lang/Object;Ljava/lang/Object;I)V @ 28
Event: 6,586 Thread 0x00007fa4e047d000 Uncommon trap: reason=bimorphic_or_optimized_type_check action=maybe_recompile pc=0x00007fa4d1786f74 method=java.util.Hashtable.addEntry(ILjava/lang/Object;Ljava/lang/Object;I)V @ 28
Event: 6,870 Thread 0x00007fa450225000 Uncommon trap: reason=unstable_if action=reinterpret pc=0x00007fa4d176becc method=sun.awt.image.PNGImageDecoder.filterRow([B[BIII)V @ 76

Classes redefined (0 events):
No events

Internal exceptions (10 events):
Event: 5,983 Thread 0x00007fa4e0011000 Exception <a 'java/io/FileNotFoundException'> (0x00000000e8df04f0) thrown at [/build/openjdk-9-argm_o/openjdk-9-9~b114/src/hotspot/src/share/vm/prims/jni.cpp, line 605]
Event: 6,008 Thread 0x00007fa4e047d000 Implicit null exception at 0x00007fa4d17530b5 to 0x00007fa4d1753279
Event: 6,008 Thread 0x00007fa4e047d000 Implicit null exception at 0x00007fa4d1723eb8 to 0x00007fa4d1723f46
Event: 6,257 Thread 0x00007fa4e047d000 Exception <a 'java/lang/ClassNotFoundException': com/sun/java/swing/plaf/gtk/resources/gtkProvider> (0x00000000e8fea410) thrown at [/build/openjdk-9-argm_o/openjdk-9-9~b114/src/hotspot/src/share/vm/classfile/systemDictionary.cpp, line 224]
Event: 6,257 Thread 0x00007fa4e047d000 Exception <a 'java/lang/ClassNotFoundException': com/sun/swing/internal/plaf/synth/resources/synthProvider> (0x00000000e8fee198) thrown at [/build/openjdk-9-argm_o/openjdk-9-9~b114/src/hotspot/src/share/vm/classfile/systemDictionary.cpp, line 224]
Event: 6,258 Thread 0x00007fa4e047d000 Exception <a 'java/lang/ClassNotFoundException': com/sun/swing/internal/plaf/basic/resources/basicProvider> (0x00000000e8ff15e0) thrown at [/build/openjdk-9-argm_o/openjdk-9-9~b114/src/hotspot/src/share/vm/classfile/systemDictionary.cpp, line 224]
Event: 6,512 Thread 0x00007fa4e047d000 Implicit null exception at 0x00007fa4d174c654 to 0x00007fa4d174cb65
Event: 6,513 Thread 0x00007fa4e047d000 Implicit null exception at 0x00007fa4d178b6d4 to 0x00007fa4d178bbed
Event: 6,569 Thread 0x00007fa4e047d000 Implicit null exception at 0x00007fa4d1723b8f to 0x00007fa4d1723bf9
Event: 6,870 Thread 0x00007fa450225000 Implicit null exception at 0x00007fa4d176b9a1 to 0x00007fa4d176bea5

Events (10 events):
Event: 6,992 loading class sun/font/StrikeCache$SoftDisposerRef
Event: 6,992 loading class sun/font/StrikeCache$DisposableStrike
Event: 6,992 loading class sun/font/StrikeCache$DisposableStrike done
Event: 6,992 loading class sun/font/StrikeCache$SoftDisposerRef done
Event: 6,992 loading class sun/font/FileFontStrike
Event: 6,992 loading class sun/font/FileFontStrike done
Event: 6,992 loading class sun/font/FontScaler
Event: 6,992 loading class sun/font/FontScaler done
Event: 6,992 loading class sun/font/FreetypeFontScaler
Event: 6,992 loading class sun/font/FreetypeFontScaler done


Dynamic libraries:
00400000-00401000 r-xp 00000000 08:04 5274807                            /usr/lib/jvm/java-9-openjdk-amd64/bin/java
00600000-00601000 r--p 00000000 08:04 5274807                            /usr/lib/jvm/java-9-openjdk-amd64/bin/java
00601000-00602000 rw-p 00001000 08:04 5274807                            /usr/lib/jvm/java-9-openjdk-amd64/bin/java
01298000-0131e000 rw-p 00000000 00:00 0                                  [heap]
e8000000-e9500000 rw-p 00000000 00:00 0 
e9500000-100000000 ---p 00000000 00:00 0 
100000000-1002a0000 rw-p 00000000 00:00 0 
1002a0000-140000000 ---p 00000000 00:00 0 
7fa444000000-7fa444021000 rw-p 00000000 00:00 0 
7fa444021000-7fa448000000 ---p 00000000 00:00 0 
7fa448ec1000-7fa448ec5000 ---p 00000000 00:00 0 
7fa448ec5000-7fa449102000 rw-p 00000000 00:00 0 
7fa449102000-7fa4491c2000 ---p 00000000 00:00 0 
7fa4491c2000-7fa4491c6000 ---p 00000000 00:00 0 
7fa4491c6000-7fa4492c3000 rw-p 00000000 00:00 0 
7fa4492c3000-7fa4492c4000 r-xp 00000000 08:04 5539027                    /usr/lib/jvm/java-9-openjdk-amd64/lib/amd64/libprefs.so
7fa4492c4000-7fa4494c4000 ---p 00001000 08:04 5539027                    /usr/lib/jvm/java-9-openjdk-amd64/lib/amd64/libprefs.so
7fa4494c4000-7fa4494c5000 r--p 00001000 08:04 5539027                    /usr/lib/jvm/java-9-openjdk-amd64/lib/amd64/libprefs.so
7fa4494c5000-7fa4494c6000 rw-p 00002000 08:04 5539027                    /usr/lib/jvm/java-9-openjdk-amd64/lib/amd64/libprefs.so
7fa4494c6000-7fa449511000 r--p 00000000 08:04 6296598                    /usr/share/fonts/truetype/noto/NotoSans-Regular.ttf
7fa449585000-7fa449785000 rw-p 00000000 00:00 0 
7fa449785000-7fa4497b5000 r-xp 00000000 08:04 5507362                    /usr/lib/x86_64-linux-gnu/gtk-2.0/2.10.0/engines/libmurrine.so
7fa4497b5000-7fa4499b5000 ---p 00030000 08:04 5507362                    /usr/lib/x86_64-linux-gnu/gtk-2.0/2.10.0/engines/libmurrine.so
7fa4499b5000-7fa4499b6000 r--p 00030000 08:04 5507362                    /usr/lib/x86_64-linux-gnu/gtk-2.0/2.10.0/engines/libmurrine.so
7fa4499b6000-7fa4499b7000 rw-p 00031000 08:04 5507362                    /usr/lib/x86_64-linux-gnu/gtk-2.0/2.10.0/engines/libmurrine.so
7fa4499b7000-7fa4499c1000 r-xp 00000000 08:04 5508827                    /usr/lib/x86_64-linux-gnu/gtk-2.0/2.10.0/engines/libpixmap.so
7fa4499c1000-7fa449bc0000 ---p 0000a000 08:04 5508827                    /usr/lib/x86_64-linux-gnu/gtk-2.0/2.10.0/engines/libpixmap.so
7fa449bc0000-7fa449bc1000 r--p 00009000 08:04 5508827                    /usr/lib/x86_64-linux-gnu/gtk-2.0/2.10.0/engines/libpixmap.so
7fa449bc1000-7fa449bc2000 rw-p 0000a000 08:04 5508827                    /usr/lib/x86_64-linux-gnu/gtk-2.0/2.10.0/engines/libpixmap.so
7fa449bc2000-7fa449bc3000 r-xp 00000000 08:04 5117784                    /usr/lib/x86_64-linux-gnu/libgthread-2.0.so.0.4800.2
7fa449bc3000-7fa449dc2000 ---p 00001000 08:04 5117784                    /usr/lib/x86_64-linux-gnu/libgthread-2.0.so.0.4800.2
7fa449dc2000-7fa449dc3000 r--p 00000000 08:04 5117784                    /usr/lib/x86_64-linux-gnu/libgthread-2.0.so.0.4800.2
7fa449dc3000-7fa449dc4000 rw-p 00001000 08:04 5117784                    /usr/lib/x86_64-linux-gnu/libgthread-2.0.so.0.4800.2
7fa449dc4000-7fa449dca000 r-xp 00000000 08:04 5121152                    /usr/lib/x86_64-linux-gnu/libdatrie.so.1.3.3
7fa449dca000-7fa449fca000 ---p 00006000 08:04 5121152                    /usr/lib/x86_64-linux-gnu/libdatrie.so.1.3.3
7fa449fca000-7fa449fcb000 r--p 00006000 08:04 5121152                    /usr/lib/x86_64-linux-gnu/libdatrie.so.1.3.3
7fa449fcb000-7fa449fcc000 rw-p 00007000 08:04 5121152                    /usr/lib/x86_64-linux-gnu/libdatrie.so.1.3.3
7fa449fcc000-7fa449fef000 r-xp 00000000 08:04 5121459                    /usr/lib/x86_64-linux-gnu/libgraphite2.so.3.0.1
7fa449fef000-7fa44a1ee000 ---p 00023000 08:04 5121459                    /usr/lib/x86_64-linux-gnu/libgraphite2.so.3.0.1
7fa44a1ee000-7fa44a1f0000 r--p 00022000 08:04 5121459                    /usr/lib/x86_64-linux-gnu/libgraphite2.so.3.0.1
7fa44a1f0000-7fa44a1f1000 rw-p 00024000 08:04 5121459                    /usr/lib/x86_64-linux-gnu/libgraphite2.so.3.0.1
7fa44a1f1000-7fa44a217000 r-xp 00000000 08:04 6296058                    /lib/x86_64-linux-gnu/libexpat.so.1.6.0
7fa44a217000-7fa44a417000 ---p 00026000 08:04 6296058                    /lib/x86_64-linux-gnu/libexpat.so.1.6.0
7fa44a417000-7fa44a419000 r--p 00026000 08:04 6296058                    /lib/x86_64-linux-gnu/libexpat.so.1.6.0
7fa44a419000-7fa44a41a000 rw-p 00028000 08:04 6296058                    /lib/x86_64-linux-gnu/libexpat.so.1.6.0
7fa44a41a000-7fa44a488000 r-xp 00000000 08:04 6296288                    /lib/x86_64-linux-gnu/libpcre.so.3.13.2
7fa44a488000-7fa44a688000 ---p 0006e000 08:04 6296288                    /lib/x86_64-linux-gnu/libpcre.so.3.13.2
7fa44a688000-7fa44a689000 r--p 0006e000 08:04 6296288                    /lib/x86_64-linux-gnu/libpcre.so.3.13.2
7fa44a689000-7fa44a68a000 rw-p 0006f000 08:04 6296288                    /lib/x86_64-linux-gnu/libpcre.so.3.13.2
7fa44a68a000-7fa44a691000 r-xp 00000000 08:04 5121273                    /usr/lib/x86_64-linux-gnu/libffi.so.6.0.4
7fa44a691000-7fa44a890000 ---p 00007000 08:04 5121273                    /usr/lib/x86_64-linux-gnu/libffi.so.6.0.4
7fa44a890000-7fa44a891000 r--p 00006000 08:04 5121273                    /usr/lib/x86_64-linux-gnu/libffi.so.6.0.4
7fa44a891000-7fa44a892000 rw-p 00007000 08:04 5121273                    /usr/lib/x86_64-linux-gnu/libffi.so.6.0.4
7fa44a892000-7fa44a89a000 r-xp 00000000 08:04 5122111                    /usr/lib/x86_64-linux-gnu/libthai.so.0.2.4
7fa44a89a000-7fa44aa99000 ---p 00008000 08:04 5122111                    /usr/lib/x86_64-linux-gnu/libthai.so.0.2.4
7fa44aa99000-7fa44aa9a000 r--p 00007000 08:04 5122111                    /usr/lib/x86_64-linux-gnu/libthai.so.0.2.4
7fa44aa9a000-7fa44aa9b000 rw-p 00008000 08:04 5122111                    /usr/lib/x86_64-linux-gnu/libthai.so.0.2.4
7fa44aa9b000-7fa44aaf7000 r-xp 00000000 08:04 5117875                    /usr/lib/x86_64-linux-gnu/libharfbuzz.so.0.10000.1
7fa44aaf7000-7fa44acf7000 ---p 0005c000 08:04 5117875                    /usr/lib/x86_64-linux-gnu/libharfbuzz.so.0.10000.1
7fa44acf7000-7fa44acf8000 r--p 0005c000 08:04 5117875                    /usr/lib/x86_64-linux-gnu/libharfbuzz.so.0.10000.1
7fa44acf8000-7fa44acf9000 rw-p 0005d000 08:04 5117875                    /usr/lib/x86_64-linux-gnu/libharfbuzz.so.0.10000.1
7fa44acf9000-7fa44ad10000 r-xp 00000000 08:04 6315387                    /lib/x86_64-linux-gnu/libresolv-2.23.so
7fa44ad10000-7fa44af10000 ---p 00017000 08:04 6315387                    /lib/x86_64-linux-gnu/libresolv-2.23.so
7fa44af10000-7fa44af11000 r--p 00017000 08:04 6315387                    /lib/x86_64-linux-gnu/libresolv-2.23.so
7fa44af11000-7fa44af12000 rw-p 00018000 08:04 6315387                    /lib/x86_64-linux-gnu/libresolv-2.23.so
7fa44af12000-7fa44af14000 rw-p 00000000 00:00 0 
7fa44af14000-7fa44af33000 r-xp 00000000 08:04 6296317                    /lib/x86_64-linux-gnu/libselinux.so.1
7fa44af33000-7fa44b132000 ---p 0001f000 08:04 6296317                    /lib/x86_64-linux-gnu/libselinux.so.1
7fa44b132000-7fa44b133000 r--p 0001e000 08:04 6296317                    /lib/x86_64-linux-gnu/libselinux.so.1
7fa44b133000-7fa44b134000 rw-p 0001f000 08:04 6296317                    /lib/x86_64-linux-gnu/libselinux.so.1
7fa44b134000-7fa44b136000 rw-p 00000000 00:00 0 
7fa44b136000-7fa44b13e000 r-xp 00000000 08:04 5122295                    /usr/lib/x86_64-linux-gnu/libxcb-render.so.0.0.0
7fa44b13e000-7fa44b33e000 ---p 00008000 08:04 5122295                    /usr/lib/x86_64-linux-gnu/libxcb-render.so.0.0.0
7fa44b33e000-7fa44b33f000 r--p 00008000 08:04 5122295                    /usr/lib/x86_64-linux-gnu/libxcb-render.so.0.0.0
7fa44b33f000-7fa44b340000 rw-p 00009000 08:04 5122295                    /usr/lib/x86_64-linux-gnu/libxcb-render.so.0.0.0
7fa44b340000-7fa44b342000 r-xp 00000000 08:04 5122299                    /usr/lib/x86_64-linux-gnu/libxcb-shm.so.0.0.0
7fa44b342000-7fa44b542000 ---p 00002000 08:04 5122299                    /usr/lib/x86_64-linux-gnu/libxcb-shm.so.0.0.0
7fa44b542000-7fa44b543000 r--p 00002000 08:04 5122299                    /usr/lib/x86_64-linux-gnu/libxcb-shm.so.0.0.0
7fa44b543000-7fa44b544000 rw-p 00003000 08:04 5122299                    /usr/lib/x86_64-linux-gnu/libxcb-shm.so.0.0.0
7fa44b544000-7fa44b5e3000 r-xp 00000000 08:04 5121914                    /usr/lib/x86_64-linux-gnu/libpixman-1.so.0.33.6
7fa44b5e3000-7fa44b7e3000 ---p 0009f000 08:04 5121914                    /usr/lib/x86_64-linux-gnu/libpixman-1.so.0.33.6
7fa44b7e3000-7fa44b7eb000 r--p 0009f000 08:04 5121914                    /usr/lib/x86_64-linux-gnu/libpixman-1.so.0.33.6
7fa44b7eb000-7fa44b7ec000 rw-p 000a7000 08:04 5121914                    /usr/lib/x86_64-linux-gnu/libpixman-1.so.0.33.6
7fa44b7ec000-7fa44b7ee000 r-xp 00000000 08:04 5120898                    /usr/lib/x86_64-linux-gnu/libXdamage.so.1.1.0
7fa44b7ee000-7fa44b9ed000 ---p 00002000 08:04 5120898                    /usr/lib/x86_64-linux-gnu/libXdamage.so.1.1.0
7fa44b9ed000-7fa44b9ee000 r--p 00001000 08:04 5120898                    /usr/lib/x86_64-linux-gnu/libXdamage.so.1.1.0
7fa44b9ee000-7fa44b9ef000 rw-p 00002000 08:04 5120898                    /usr/lib/x86_64-linux-gnu/libXdamage.so.1.1.0
7fa44b9ef000-7fa44b9f1000 r-xp 00000000 08:04 5120894                    /usr/lib/x86_64-linux-gnu/libXcomposite.so.1.0.0
7fa44b9f1000-7fa44bbf0000 ---p 00002000 08:04 5120894                    /usr/lib/x86_64-linux-gnu/libXcomposite.so.1.0.0
7fa44bbf0000-7fa44bbf1000 r--p 00001000 08:04 5120894                    /usr/lib/x86_64-linux-gnu/libXcomposite.so.1.0.0
7fa44bbf1000-7fa44bbf2000 rw-p 00002000 08:04 5120894                    /usr/lib/x86_64-linux-gnu/libXcomposite.so.1.0.0
7fa44bbf2000-7fa44bbfc000 r-xp 00000000 08:04 5120920                    /usr/lib/x86_64-linux-gnu/libXrandr.so.2.2.0
7fa44bbfc000-7fa44bdfb000 ---p 0000a000 08:04 5120920                    /usr/lib/x86_64-linux-gnu/libXrandr.so.2.2.0
7fa44bdfb000-7fa44bdfc000 r--p 00009000 08:04 5120920                    /usr/lib/x86_64-linux-gnu/libXrandr.so.2.2.0
7fa44bdfc000-7fa44bdfd000 rw-p 0000a000 08:04 5120920                    /usr/lib/x86_64-linux-gnu/libXrandr.so.2.2.0
7fa44bdfd000-7fa44bdff000 r-xp 00000000 08:04 5120912                    /usr/lib/x86_64-linux-gnu/libXinerama.so.1.0.0
7fa44bdff000-7fa44bffe000 ---p 00002000 08:04 5120912                    /usr/lib/x86_64-linux-gnu/libXinerama.so.1.0.0
7fa44bffe000-7fa44bfff000 r--p 00001000 08:04 5120912                    /usr/lib/x86_64-linux-gnu/libXinerama.so.1.0.0
7fa44bfff000-7fa44c000000 rw-p 00002000 08:04 5120912                    /usr/lib/x86_64-linux-gnu/libXinerama.so.1.0.0
7fa44c000000-7fa44c021000 rw-p 00000000 00:00 0 
7fa44c021000-7fa450000000 ---p 00000000 00:00 0 
7fa450000000-7fa45025d000 rw-p 00000000 00:00 0 
7fa45025d000-7fa454000000 ---p 00000000 00:00 0 
7fa454000000-7fa454021000 rw-p 00000000 00:00 0 
7fa454021000-7fa458000000 ---p 00000000 00:00 0 
7fa458040000-7fa45807d000 r-xp 00000000 08:04 5111833                    /usr/lib/x86_64-linux-gnu/libfontconfig.so.1.9.0
7fa45807d000-7fa45827c000 ---p 0003d000 08:04 5111833                    /usr/lib/x86_64-linux-gnu/libfontconfig.so.1.9.0
7fa45827c000-7fa45827e000 r--p 0003c000 08:04 5111833                    /usr/lib/x86_64-linux-gnu/libfontconfig.so.1.9.0
7fa45827e000-7fa458283000 rw-p 0003e000 08:04 5111833                    /usr/lib/x86_64-linux-gnu/libfontconfig.so.1.9.0
7fa458283000-7fa458392000 r-xp 00000000 08:04 6309569                    /lib/x86_64-linux-gnu/libglib-2.0.so.0.4800.2
7fa458392000-7fa458591000 ---p 0010f000 08:04 6309569                    /lib/x86_64-linux-gnu/libglib-2.0.so.0.4800.2
7fa458591000-7fa458592000 r--p 0010e000 08:04 6309569                    /lib/x86_64-linux-gnu/libglib-2.0.so.0.4800.2
7fa458592000-7fa458593000 rw-p 0010f000 08:04 6309569                    /lib/x86_64-linux-gnu/libglib-2.0.so.0.4800.2
7fa458593000-7fa458594000 rw-p 00000000 00:00 0 
7fa458594000-7fa4585e6000 r-xp 00000000 08:04 5117786                    /usr/lib/x86_64-linux-gnu/libgobject-2.0.so.0.4800.2
7fa4585e6000-7fa4587e5000 ---p 00052000 08:04 5117786                    /usr/lib/x86_64-linux-gnu/libgobject-2.0.so.0.4800.2
7fa4587e5000-7fa4587e6000 r--p 00051000 08:04 5117786                    /usr/lib/x86_64-linux-gnu/libgobject-2.0.so.0.4800.2
7fa4587e6000-7fa4587e7000 rw-p 00052000 08:04 5117786                    /usr/lib/x86_64-linux-gnu/libgobject-2.0.so.0.4800.2
7fa4587e7000-7fa458830000 r-xp 00000000 08:04 5121884                    /usr/lib/x86_64-linux-gnu/libpango-1.0.so.0.3800.1
7fa458830000-7fa458a30000 ---p 00049000 08:04 5121884                    /usr/lib/x86_64-linux-gnu/libpango-1.0.so.0.3800.1
7fa458a30000-7fa458a32000 r--p 00049000 08:04 5121884                    /usr/lib/x86_64-linux-gnu/libpango-1.0.so.0.3800.1
7fa458a32000-7fa458a33000 rw-p 0004b000 08:04 5121884                    /usr/lib/x86_64-linux-gnu/libpango-1.0.so.0.3800.1
7fa458a33000-7fa458a47000 r-xp 00000000 08:04 5121888                    /usr/lib/x86_64-linux-gnu/libpangoft2-1.0.so.0.3800.1
7fa458a47000-7fa458c47000 ---p 00014000 08:04 5121888                    /usr/lib/x86_64-linux-gnu/libpangoft2-1.0.so.0.3800.1
7fa458c47000-7fa458c48000 r--p 00014000 08:04 5121888                    /usr/lib/x86_64-linux-gnu/libpangoft2-1.0.so.0.3800.1
7fa458c48000-7fa458c49000 rw-p 00015000 08:04 5121888                    /usr/lib/x86_64-linux-gnu/libpangoft2-1.0.so.0.3800.1
7fa458c49000-7fa458dc9000 r-xp 00000000 08:04 5117788                    /usr/lib/x86_64-linux-gnu/libgio-2.0.so.0.4800.2
7fa458dc9000-7fa458fc9000 ---p 00180000 08:04 5117788                    /usr/lib/x86_64-linux-gnu/libgio-2.0.so.0.4800.2
7fa458fc9000-7fa458fcd000 r--p 00180000 08:04 5117788                    /usr/lib/x86_64-linux-gnu/libgio-2.0.so.0.4800.2
7fa458fcd000-7fa458fcf000 rw-p 00184000 08:04 5117788                    /usr/lib/x86_64-linux-gnu/libgio-2.0.so.0.4800.2
7fa458fcf000-7fa458fd1000 rw-p 00000000 00:00 0 
7fa458fd1000-7fa458ff2000 r-xp 00000000 08:04 5112276                    /usr/lib/x86_64-linux-gnu/libgdk_pixbuf-2.0.so.0.3200.2
7fa458ff2000-7fa4591f1000 ---p 00021000 08:04 5112276                    /usr/lib/x86_64-linux-gnu/libgdk_pixbuf-2.0.so.0.3200.2
7fa4591f1000-7fa4591f2000 r--p 00020000 08:04 5112276                    /usr/lib/x86_64-linux-gnu/libgdk_pixbuf-2.0.so.0.3200.2
7fa4591f2000-7fa4591f3000 rw-p 00021000 08:04 5112276                    /usr/lib/x86_64-linux-gnu/libgdk_pixbuf-2.0.so.0.3200.2
7fa4591f3000-7fa459301000 r-xp 00000000 08:04 5121051                    /usr/lib/x86_64-linux-gnu/libcairo.so.2.11400.6
7fa459301000-7fa459501000 ---p 0010e000 08:04 5121051                    /usr/lib/x86_64-linux-gnu/libcairo.so.2.11400.6
7fa459501000-7fa459504000 r--p 0010e000 08:04 5121051                    /usr/lib/x86_64-linux-gnu/libcairo.so.2.11400.6
7fa459504000-7fa459505000 rw-p 00111000 08:04 5121051                    /usr/lib/x86_64-linux-gnu/libcairo.so.2.11400.6
7fa459505000-7fa459507000 rw-p 00000000 00:00 0 
7fa459507000-7fa459529000 r-xp 00000000 08:04 5120988                    /usr/lib/x86_64-linux-gnu/libatk-1.0.so.0.21809.1
7fa459529000-7fa459728000 ---p 00022000 08:04 5120988                    /usr/lib/x86_64-linux-gnu/libatk-1.0.so.0.21809.1
7fa459728000-7fa45972b000 r--p 00021000 08:04 5120988                    /usr/lib/x86_64-linux-gnu/libatk-1.0.so.0.21809.1
7fa45972b000-7fa45972c000 rw-p 00024000 08:04 5120988                    /usr/lib/x86_64-linux-gnu/libatk-1.0.so.0.21809.1
7fa45972c000-7fa459738000 r-xp 00000000 08:04 5121886                    /usr/lib/x86_64-linux-gnu/libpangocairo-1.0.so.0.3800.1
7fa459738000-7fa459937000 ---p 0000c000 08:04 5121886                    /usr/lib/x86_64-linux-gnu/libpangocairo-1.0.so.0.3800.1
7fa459937000-7fa459938000 r--p 0000b000 08:04 5121886                    /usr/lib/x86_64-linux-gnu/libpangocairo-1.0.so.0.3800.1
7fa459938000-7fa459939000 rw-p 0000c000 08:04 5121886                    /usr/lib/x86_64-linux-gnu/libpangocairo-1.0.so.0.3800.1
7fa459939000-7fa45993c000 r-xp 00000000 08:04 5117782                    /usr/lib/x86_64-linux-gnu/libgmodule-2.0.so.0.4800.2
7fa45993c000-7fa459b3b000 ---p 00003000 08:04 5117782                    /usr/lib/x86_64-linux-gnu/libgmodule-2.0.so.0.4800.2
7fa459b3b000-7fa459b3c000 r--p 00002000 08:04 5117782                    /usr/lib/x86_64-linux-gnu/libgmodule-2.0.so.0.4800.2
7fa459b3c000-7fa459b3d000 rw-p 00003000 08:04 5117782                    /usr/lib/x86_64-linux-gnu/libgmodule-2.0.so.0.4800.2
7fa459b3d000-7fa459bed000 r-xp 00000000 08:04 5121367                    /usr/lib/x86_64-linux-gnu/libgdk-x11-2.0.so.0.2400.30
7fa459bed000-7fa459dec000 ---p 000b0000 08:04 5121367                    /usr/lib/x86_64-linux-gnu/libgdk-x11-2.0.so.0.2400.30
7fa459dec000-7fa459df0000 r--p 000af000 08:04 5121367                    /usr/lib/x86_64-linux-gnu/libgdk-x11-2.0.so.0.2400.30
7fa459df0000-7fa459df2000 rw-p 000b3000 08:04 5121367                    /usr/lib/x86_64-linux-gnu/libgdk-x11-2.0.so.0.2400.30
7fa459df2000-7fa45a230000 r-xp 00000000 08:04 5121553                    /usr/lib/x86_64-linux-gnu/libgtk-x11-2.0.so.0.2400.30
7fa45a230000-7fa45a42f000 ---p 0043e000 08:04 5121553                    /usr/lib/x86_64-linux-gnu/libgtk-x11-2.0.so.0.2400.30
7fa45a42f000-7fa45a436000 r--p 0043d000 08:04 5121553                    /usr/lib/x86_64-linux-gnu/libgtk-x11-2.0.so.0.2400.30
7fa45a436000-7fa45a43a000 rw-p 00444000 08:04 5121553                    /usr/lib/x86_64-linux-gnu/libgtk-x11-2.0.so.0.2400.30
7fa45a43a000-7fa45a43d000 rw-p 00000000 00:00 0 
7fa45a43d000-7fa45a442000 r-xp 00000000 08:04 5539029                    /usr/lib/jvm/java-9-openjdk-amd64/lib/amd64/libmanagement_ext.so
7fa45a442000-7fa45a641000 ---p 00005000 08:04 5539029                    /usr/lib/jvm/java-9-openjdk-amd64/lib/amd64/libmanagement_ext.so
7fa45a641000-7fa45a642000 r--p 00004000 08:04 5539029                    /usr/lib/jvm/java-9-openjdk-amd64/lib/amd64/libmanagement_ext.so
7fa45a642000-7fa45a643000 rw-p 00005000 08:04 5539029                    /usr/lib/jvm/java-9-openjdk-amd64/lib/amd64/libmanagement_ext.so
7fa45a643000-7fa45a843000 rw-p 00000000 00:00 0 
7fa45a843000-7fa45a848000 r-xp 00000000 08:04 5539043                    /usr/lib/jvm/java-9-openjdk-amd64/lib/amd64/libmanagement.so
7fa45a848000-7fa45aa47000 ---p 00005000 08:04 5539043                    /usr/lib/jvm/java-9-openjdk-amd64/lib/amd64/libmanagement.so
7fa45aa47000-7fa45aa48000 r--p 00004000 08:04 5539043                    /usr/lib/jvm/java-9-openjdk-amd64/lib/amd64/libmanagement.so
7fa45aa48000-7fa45aa49000 rw-p 00005000 08:04 5539043                    /usr/lib/jvm/java-9-openjdk-amd64/lib/amd64/libmanagement.so
7fa45aa49000-7fa45aa4d000 ---p 00000000 00:00 0 
7fa45aa4d000-7fa45ab4a000 rw-p 00000000 00:00 0 
7fa45ab4a000-7fa45ab4e000 ---p 00000000 00:00 0 
7fa45ab4e000-7fa45ac4b000 rw-p 00000000 00:00 0 
7fa45ac4b000-7fa45ac4f000 ---p 00000000 00:00 0 
7fa45ac4f000-7fa45ad4c000 rw-p 00000000 00:00 0 
7fa45ad4c000-7fa45ad50000 ---p 00000000 00:00 0 
7fa45ad50000-7fa45ae4d000 rw-p 00000000 00:00 0 
7fa45ae4d000-7fa45ae52000 r-xp 00000000 08:04 5120904                    /usr/lib/x86_64-linux-gnu/libXfixes.so.3.1.0
7fa45ae52000-7fa45b051000 ---p 00005000 08:04 5120904                    /usr/lib/x86_64-linux-gnu/libXfixes.so.3.1.0
7fa45b051000-7fa45b052000 r--p 00004000 08:04 5120904                    /usr/lib/x86_64-linux-gnu/libXfixes.so.3.1.0
7fa45b052000-7fa45b053000 rw-p 00005000 08:04 5120904                    /usr/lib/x86_64-linux-gnu/libXfixes.so.3.1.0
7fa45b053000-7fa45b05c000 r-xp 00000000 08:04 5120896                    /usr/lib/x86_64-linux-gnu/libXcursor.so.1.0.2
7fa45b05c000-7fa45b25b000 ---p 00009000 08:04 5120896                    /usr/lib/x86_64-linux-gnu/libXcursor.so.1.0.2
7fa45b25b000-7fa45b25c000 r--p 00008000 08:04 5120896                    /usr/lib/x86_64-linux-gnu/libXcursor.so.1.0.2
7fa45b25c000-7fa45b25d000 rw-p 00009000 08:04 5120896                    /usr/lib/x86_64-linux-gnu/libXcursor.so.1.0.2
7fa45b25d000-7fa45b45d000 rw-p 00000000 00:00 0 
7fa45b45d000-7fa45b481000 r-xp 00000000 08:04 6296300                    /lib/x86_64-linux-gnu/libpng12.so.0.54.0
7fa45b481000-7fa45b680000 ---p 00024000 08:04 6296300                    /lib/x86_64-linux-gnu/libpng12.so.0.54.0
7fa45b680000-7fa45b681000 r--p 00023000 08:04 6296300                    /lib/x86_64-linux-gnu/libpng12.so.0.54.0
7fa45b681000-7fa45b682000 rw-p 00024000 08:04 6296300                    /lib/x86_64-linux-gnu/libpng12.so.0.54.0
7fa45b682000-7fa45b726000 r-xp 00000000 08:04 5112001                    /usr/lib/x86_64-linux-gnu/libfreetype.so.6.12.1
7fa45b726000-7fa45b925000 ---p 000a4000 08:04 5112001                    /usr/lib/x86_64-linux-gnu/libfreetype.so.6.12.1
7fa45b925000-7fa45b92b000 r--p 000a3000 08:04 5112001                    /usr/lib/x86_64-linux-gnu/libfreetype.so.6.12.1
7fa45b92b000-7fa45b92c000 rw-p 000a9000 08:04 5112001                    /usr/lib/x86_64-linux-gnu/libfreetype.so.6.12.1
7fa45b92c000-7fa45b9f2000 r-xp 00000000 08:04 5539025                    /usr/lib/jvm/java-9-openjdk-amd64/lib/amd64/libfontmanager.so
7fa45b9f2000-7fa45bbf1000 ---p 000c6000 08:04 5539025                    /usr/lib/jvm/java-9-openjdk-amd64/lib/amd64/libfontmanager.so
7fa45bbf1000-7fa45bbf4000 r--p 000c5000 08:04 5539025                    /usr/lib/jvm/java-9-openjdk-amd64/lib/amd64/libfontmanager.so
7fa45bbf4000-7fa45bbf5000 rw-p 000c8000 08:04 5539025                    /usr/lib/jvm/java-9-openjdk-amd64/lib/amd64/libfontmanager.so
7fa45bbf5000-7fa45bbf6000 rw-p 00000000 00:00 0 
7fa45bbf6000-7fa45bbfb000 r-xp 00000000 08:04 5120900                    /usr/lib/x86_64-linux-gnu/libXdmcp.so.6.0.0
7fa45bbfb000-7fa45bdfa000 ---p 00005000 08:04 5120900                    /usr/lib/x86_64-linux-gnu/libXdmcp.so.6.0.0
7fa45bdfa000-7fa45bdfb000 r--p 00004000 08:04 5120900                    /usr/lib/x86_64-linux-gnu/libXdmcp.so.6.0.0
7fa45bdfb000-7fa45bdfc000 rw-p 00005000 08:04 5120900                    /usr/lib/x86_64-linux-gnu/libXdmcp.so.6.0.0
7fa45bdfc000-7fa45bdfe000 r-xp 00000000 08:04 5120889                    /usr/lib/x86_64-linux-gnu/libXau.so.6.0.0
7fa45bdfe000-7fa45bffe000 ---p 00002000 08:04 5120889                    /usr/lib/x86_64-linux-gnu/libXau.so.6.0.0
7fa45bffe000-7fa45bfff000 r--p 00002000 08:04 5120889                    /usr/lib/x86_64-linux-gnu/libXau.so.6.0.0
7fa45bfff000-7fa45c000000 rw-p 00003000 08:04 5120889                    /usr/lib/x86_64-linux-gnu/libXau.so.6.0.0
7fa45c000000-7fa45c021000 rw-p 00000000 00:00 0 
7fa45c021000-7fa460000000 ---p 00000000 00:00 0 
7fa460000000-7fa460021000 rw-p 00000000 00:00 0 
7fa460021000-7fa464000000 ---p 00000000 00:00 0 
7fa464000000-7fa464021000 rw-p 00000000 00:00 0 
7fa464021000-7fa468000000 ---p 00000000 00:00 0 
7fa468000000-7fa468021000 rw-p 00000000 00:00 0 
7fa468021000-7fa46c000000 ---p 00000000 00:00 0 
7fa46c000000-7fa46c021000 rw-p 00000000 00:00 0 
7fa46c021000-7fa470000000 ---p 00000000 00:00 0 
7fa470000000-7fa470021000 rw-p 00000000 00:00 0 
7fa470021000-7fa474000000 ---p 00000000 00:00 0 
7fa474000000-7fa474557000 rw-p 00000000 00:00 0 
7fa474557000-7fa478000000 ---p 00000000 00:00 0 
7fa478000000-7fa478021000 rw-p 00000000 00:00 0 
7fa478021000-7fa47c000000 ---p 00000000 00:00 0 
7fa47c000000-7fa47c463000 rw-p 00000000 00:00 0 
7fa47c463000-7fa480000000 ---p 00000000 00:00 0 
7fa480000000-7fa48026a000 rw-p 00000000 00:00 0 
7fa48026a000-7fa484000000 ---p 00000000 00:00 0 
7fa484000000-7fa484021000 rw-p 00000000 00:00 0 
7fa484021000-7fa488000000 ---p 00000000 00:00 0 
7fa488000000-7fa488021000 rw-p 00000000 00:00 0 
7fa488021000-7fa48c000000 ---p 00000000 00:00 0 
7fa48c000000-7fa48c021000 rw-p 00000000 00:00 0 
7fa48c021000-7fa490000000 ---p 00000000 00:00 0 
7fa490000000-7fa490021000 rw-p 00000000 00:00 0 
7fa490021000-7fa494000000 ---p 00000000 00:00 0 
7fa494000000-7fa49402e000 rw-p 00000000 00:00 0 
7fa49402e000-7fa498000000 ---p 00000000 00:00 0 
7fa498002000-7fa49800d000 r--s 00000000 08:04 5243445                    /var/cache/fontconfig/945677eb7aeaf62f1d50efc3fb3ec7d8-le64.cache-6
7fa49800d000-7fa498013000 r--s 00000000 08:04 5262320                    /var/cache/fontconfig/2cd17615ca594fa2959ae173292e504c-le64.cache-6
7fa498013000-7fa498028000 r--s 00000000 08:04 5262318                    /var/cache/fontconfig/04aabc0a78ac019cf9454389977116d2-le64.cache-6
7fa498028000-7fa498049000 r-xp 00000000 08:04 5122309                    /usr/lib/x86_64-linux-gnu/libxcb.so.1.1.0
7fa498049000-7fa498248000 ---p 00021000 08:04 5122309                    /usr/lib/x86_64-linux-gnu/libxcb.so.1.1.0
7fa498248000-7fa498249000 r--p 00020000 08:04 5122309                    /usr/lib/x86_64-linux-gnu/libxcb.so.1.1.0
7fa498249000-7fa49824a000 rw-p 00021000 08:04 5122309                    /usr/lib/x86_64-linux-gnu/libxcb.so.1.1.0
7fa49824a000-7fa498259000 r-xp 00000000 08:04 5120910                    /usr/lib/x86_64-linux-gnu/libXi.so.6.1.0
7fa498259000-7fa498458000 ---p 0000f000 08:04 5120910                    /usr/lib/x86_64-linux-gnu/libXi.so.6.1.0
7fa498458000-7fa498459000 r--p 0000e000 08:04 5120910                    /usr/lib/x86_64-linux-gnu/libXi.so.6.1.0
7fa498459000-7fa49845a000 rw-p 0000f000 08:04 5120910                    /usr/lib/x86_64-linux-gnu/libXi.so.6.1.0
7fa49845a000-7fa49845f000 r-xp 00000000 08:04 5120928                    /usr/lib/x86_64-linux-gnu/libXtst.so.6.1.0
7fa49845f000-7fa49865e000 ---p 00005000 08:04 5120928                    /usr/lib/x86_64-linux-gnu/libXtst.so.6.1.0
7fa49865e000-7fa49865f000 r--p 00004000 08:04 5120928                    /usr/lib/x86_64-linux-gnu/libXtst.so.6.1.0
7fa49865f000-7fa498660000 rw-p 00005000 08:04 5120928                    /usr/lib/x86_64-linux-gnu/libXtst.so.6.1.0
7fa498660000-7fa498669000 r-xp 00000000 08:04 5120922                    /usr/lib/x86_64-linux-gnu/libXrender.so.1.3.0
7fa498669000-7fa498868000 ---p 00009000 08:04 5120922                    /usr/lib/x86_64-linux-gnu/libXrender.so.1.3.0
7fa498868000-7fa498869000 r--p 00008000 08:04 5120922                    /usr/lib/x86_64-linux-gnu/libXrender.so.1.3.0
7fa498869000-7fa49886a000 rw-p 00009000 08:04 5120922                    /usr/lib/x86_64-linux-gnu/libXrender.so.1.3.0
7fa49886a000-7fa49899f000 r-xp 00000000 08:04 5120885                    /usr/lib/x86_64-linux-gnu/libX11.so.6.3.0
7fa49899f000-7fa498b9f000 ---p 00135000 08:04 5120885                    /usr/lib/x86_64-linux-gnu/libX11.so.6.3.0
7fa498b9f000-7fa498ba0000 r--p 00135000 08:04 5120885                    /usr/lib/x86_64-linux-gnu/libX11.so.6.3.0
7fa498ba0000-7fa498ba4000 rw-p 00136000 08:04 5120885                    /usr/lib/x86_64-linux-gnu/libX11.so.6.3.0
7fa498ba4000-7fa498bb5000 r-xp 00000000 08:04 5120902                    /usr/lib/x86_64-linux-gnu/libXext.so.6.4.0
7fa498bb5000-7fa498db4000 ---p 00011000 08:04 5120902                    /usr/lib/x86_64-linux-gnu/libXext.so.6.4.0
7fa498db4000-7fa498db5000 r--p 00010000 08:04 5120902                    /usr/lib/x86_64-linux-gnu/libXext.so.6.4.0
7fa498db5000-7fa498db6000 rw-p 00011000 08:04 5120902                    /usr/lib/x86_64-linux-gnu/libXext.so.6.4.0
7fa498db6000-7fa498e0d000 r-xp 00000000 08:04 5539050                    /usr/lib/jvm/java-9-openjdk-amd64/lib/amd64/libawt_xawt.so
7fa498e0d000-7fa49900d000 ---p 00057000 08:04 5539050                    /usr/lib/jvm/java-9-openjdk-amd64/lib/amd64/libawt_xawt.so
7fa49900d000-7fa49900e000 r--p 00057000 08:04 5539050                    /usr/lib/jvm/java-9-openjdk-amd64/lib/amd64/libawt_xawt.so
7fa49900e000-7fa499011000 rw-p 00058000 08:04 5539050                    /usr/lib/jvm/java-9-openjdk-amd64/lib/amd64/libawt_xawt.so
7fa499011000-7fa499012000 rw-p 00000000 00:00 0 
7fa499012000-7fa4990b2000 r-xp 00000000 08:04 5539024                    /usr/lib/jvm/java-9-openjdk-amd64/lib/amd64/libawt.so
7fa4990b2000-7fa4992b1000 ---p 000a0000 08:04 5539024                    /usr/lib/jvm/java-9-openjdk-amd64/lib/amd64/libawt.so
7fa4992b1000-7fa4992b2000 r--p 0009f000 08:04 5539024                    /usr/lib/jvm/java-9-openjdk-amd64/lib/amd64/libawt.so
7fa4992b2000-7fa4992bd000 rw-p 000a0000 08:04 5539024                    /usr/lib/jvm/java-9-openjdk-amd64/lib/amd64/libawt.so
7fa4992bd000-7fa4994e2000 rw-p 00000000 00:00 0 
7fa4994e2000-7fa4994e6000 ---p 00000000 00:00 0 
7fa4994e6000-7fa4995e3000 rw-p 00000000 00:00 0 
7fa4995e3000-7fa4995e7000 ---p 00000000 00:00 0 
7fa4995e7000-7fa4996e4000 rw-p 00000000 00:00 0 
7fa4996e4000-7fa4996e8000 ---p 00000000 00:00 0 
7fa4996e8000-7fa4997e5000 rw-p 00000000 00:00 0 
7fa4997e5000-7fa4997e6000 ---p 00000000 00:00 0 
7fa4997e6000-7fa4998e6000 rw-p 00000000 00:00 0 
7fa4998e6000-7fa4998ea000 ---p 00000000 00:00 0 
7fa4998ea000-7fa4999e7000 rw-p 00000000 00:00 0 
7fa4999e7000-7fa4999eb000 ---p 00000000 00:00 0 
7fa4999eb000-7fa499de9000 rw-p 00000000 00:00 0 
7fa499de9000-7fa499dff000 r-xp 00000000 08:04 5539026                    /usr/lib/jvm/java-9-openjdk-amd64/lib/amd64/libnet.so
7fa499dff000-7fa499ffe000 ---p 00016000 08:04 5539026                    /usr/lib/jvm/java-9-openjdk-amd64/lib/amd64/libnet.so
7fa499ffe000-7fa499fff000 r--p 00015000 08:04 5539026                    /usr/lib/jvm/java-9-openjdk-amd64/lib/amd64/libnet.so
7fa499fff000-7fa49a000000 rw-p 00016000 08:04 5539026                    /usr/lib/jvm/java-9-openjdk-amd64/lib/amd64/libnet.so
7fa49a000000-7fa49c000000 rw-p 00000000 00:00 0 
7fa49c000000-7fa49c021000 rw-p 00000000 00:00 0 
7fa49c021000-7fa4a0000000 ---p 00000000 00:00 0 
7fa4a0000000-7fa4a0021000 rw-p 00000000 00:00 0 
7fa4a0021000-7fa4a4000000 ---p 00000000 00:00 0 
7fa4a4000000-7fa4a4021000 rw-p 00000000 00:00 0 
7fa4a4021000-7fa4a8000000 ---p 00000000 00:00 0 
7fa4a8000000-7fa4a8021000 rw-p 00000000 00:00 0 
7fa4a8021000-7fa4ac000000 ---p 00000000 00:00 0 
7fa4ac000000-7fa4ac021000 rw-p 00000000 00:00 0 
7fa4ac021000-7fa4b0000000 ---p 00000000 00:00 0 
7fa4b0000000-7fa4b0021000 rw-p 00000000 00:00 0 
7fa4b0021000-7fa4b4000000 ---p 00000000 00:00 0 
7fa4b4000000-7fa4b4021000 rw-p 00000000 00:00 0 
7fa4b4021000-7fa4b8000000 ---p 00000000 00:00 0 
7fa4b8000000-7fa4b8021000 rw-p 00000000 00:00 0 
7fa4b8021000-7fa4bc000000 ---p 00000000 00:00 0 
7fa4bc000000-7fa4bc021000 rw-p 00000000 00:00 0 
7fa4bc021000-7fa4c0000000 ---p 00000000 00:00 0 
7fa4c0000000-7fa4c0021000 rw-p 00000000 00:00 0 
7fa4c0021000-7fa4c4000000 ---p 00000000 00:00 0 
7fa4c4000000-7fa4c4021000 rw-p 00000000 00:00 0 
7fa4c4021000-7fa4c8000000 ---p 00000000 00:00 0 
7fa4c8002000-7fa4c8004000 r--s 00000000 08:04 5262321                    /var/cache/fontconfig/99e8ed0e538f840c565b6ed5dad60d56-le64.cache-6
7fa4c8004000-7fa4c8005000 r--s 00000000 08:04 5262319                    /var/cache/fontconfig/0d8c3b2ac0904cb8a57a757ad11a4a08-le64.cache-6
7fa4c8005000-7fa4c8006000 r--s 00000000 08:04 5262317                    /var/cache/fontconfig/1ac9eb803944fde146138c791f5cc56a-le64.cache-6
7fa4c8006000-7fa4c800a000 r--s 00000000 08:04 5262316                    /var/cache/fontconfig/385c0604a188198f04d133e54aba7fe7-le64.cache-6
7fa4c800a000-7fa4c800b000 r--s 00000000 08:04 5262315                    /var/cache/fontconfig/dc05db6664285cc2f12bf69c139ae4c3-le64.cache-6
7fa4c800b000-7fa4c800d000 r--s 00000000 08:04 5262314                    /var/cache/fontconfig/14a5e22175779b556eaa434240950366-le64.cache-6
7fa4c800d000-7fa4c800e000 r--s 00000000 08:04 5262313                    /var/cache/fontconfig/660208299946a285a940457d1287da33-le64.cache-6
7fa4c800e000-7fa4c8010000 r--s 00000000 08:04 5262312                    /var/cache/fontconfig/4f3e3037c9980c83b53a9351efadef62-le64.cache-6
7fa4c8010000-7fa4c8013000 r--s 00000000 08:04 5262311                    /var/cache/fontconfig/767a8244fc0220cfb567a839d0392e0b-le64.cache-6
7fa4c8013000-7fa4c8014000 r--s 00000000 08:04 5262310                    /var/cache/fontconfig/4794a0821666d79190d59a36cb4f44b5-le64.cache-6
7fa4c8014000-7fa4c8054000 r--s 00000000 08:04 5262309                    /var/cache/fontconfig/0bd3dc0958fa2205aaaa8ebb13e2872b-le64.cache-6
7fa4c8054000-7fa4c8059000 r--s 00000000 08:04 5262308                    /var/cache/fontconfig/8801497958630a81b71ace7c5f9b32a8-le64.cache-6
7fa4c8059000-7fa4c805c000 r--s 00000000 08:04 5262307                    /var/cache/fontconfig/a015930274ffcd967d2ca1b57da47cc7-le64.cache-6
7fa4c805c000-7fa4c805d000 r--s 00000000 08:04 5262306                    /var/cache/fontconfig/b872e6e592da6075ffa4ab0a1fcc0c75-le64.cache-6
7fa4c805d000-7fa4c805e000 r--s 00000000 08:04 5262305                    /var/cache/fontconfig/f6d4eedfaab2589bde49f7a3ff831d22-le64.cache-6
7fa4c805e000-7fa4c805f000 r--s 00000000 08:04 5262304                    /var/cache/fontconfig/589f83ef4c36d296ce6e1c846f468f08-le64.cache-6
7fa4c805f000-7fa4c8060000 r--s 00000000 08:04 5262303                    /var/cache/fontconfig/bab58bb527bb656aaa9f116d68a48d89-le64.cache-6
7fa4c8060000-7fa4c8061000 r--s 00000000 08:04 5262302                    /var/cache/fontconfig/2171a34dccabdb6bcbbc728186263178-le64.cache-6
7fa4c8061000-7fa4c8062000 r--s 00000000 08:04 5262301                    /var/cache/fontconfig/c5c45a61289222e0d30b1a26ef4effbe-le64.cache-6
7fa4c8062000-7fa4c8063000 r--s 00000000 08:04 5262300                    /var/cache/fontconfig/aec30016f93e1b46d1a973dce0d74068-le64.cache-6
7fa4c8063000-7fa4c8064000 r--s 00000000 08:04 5262299                    /var/cache/fontconfig/3f589640d34b7dc9042c8d453f7c8b9c-le64.cache-6
7fa4c8064000-7fa4c8065000 r--s 00000000 08:04 5262298                    /var/cache/fontconfig/16c2fda60d1b4b719f4b3d06fd951d25-le64.cache-6
7fa4c8065000-7fa4c8066000 r--s 00000000 08:04 5262297                    /var/cache/fontconfig/a48eab177a16e4f3713381162db2f3e9-le64.cache-6
7fa4c8066000-7fa4c806d000 r--s 00000000 08:04 5262295                    /var/cache/fontconfig/3047814df9a2f067bd2d96a2b9c36e5a-le64.cache-6
7fa4c806d000-7fa4c8073000 r--s 00000000 08:04 5262292                    /var/cache/fontconfig/b47c4e1ecd0709278f4910c18777a504-le64.cache-6
7fa4c8073000-7fa4c8086000 r--s 00000000 08:04 5262291                    /var/cache/fontconfig/d52a8644073d54c13679302ca1180695-le64.cache-6
7fa4c8086000-7fa4c8097000 r-xp 00000000 08:04 5539051                    /usr/lib/jvm/java-9-openjdk-amd64/lib/amd64/libnio.so
7fa4c8097000-7fa4c8297000 ---p 00011000 08:04 5539051                    /usr/lib/jvm/java-9-openjdk-amd64/lib/amd64/libnio.so
7fa4c8297000-7fa4c8298000 r--p 00011000 08:04 5539051                    /usr/lib/jvm/java-9-openjdk-amd64/lib/amd64/libnio.so
7fa4c8298000-7fa4c8299000 rw-p 00012000 08:04 5539051                    /usr/lib/jvm/java-9-openjdk-amd64/lib/amd64/libnio.so
7fa4c8299000-7fa4c829d000 ---p 00000000 00:00 0 
7fa4c829d000-7fa4c839a000 rw-p 00000000 00:00 0 
7fa4c839a000-7fa4c839e000 ---p 00000000 00:00 0 
7fa4c839e000-7fa4c849b000 rw-p 00000000 00:00 0 
7fa4c849b000-7fa4c849f000 ---p 00000000 00:00 0 
7fa4c849f000-7fa4c859c000 rw-p 00000000 00:00 0 
7fa4c859c000-7fa4c85a0000 ---p 00000000 00:00 0 
7fa4c85a0000-7fa4c869d000 rw-p 00000000 00:00 0 
7fa4c869d000-7fa4c86a1000 ---p 00000000 00:00 0 
7fa4c86a1000-7fa4c879e000 rw-p 00000000 00:00 0 
7fa4c879e000-7fa4c87a2000 ---p 00000000 00:00 0 
7fa4c87a2000-7fa4c889f000 rw-p 00000000 00:00 0 
7fa4c889f000-7fa4c8b78000 r--p 00000000 08:04 5112079                    /usr/lib/locale/locale-archive
7fa4c8b78000-7fa4c8b7c000 ---p 00000000 00:00 0 
7fa4c8b7c000-7fa4c8c79000 rw-p 00000000 00:00 0 
7fa4c8c79000-7fa4c8c7d000 ---p 00000000 00:00 0 
7fa4c8c7d000-7fa4c8d7a000 rw-p 00000000 00:00 0 
7fa4c8d7a000-7fa4c8d7b000 ---p 00000000 00:00 0 
7fa4c8d7b000-7fa4c974c000 rw-p 00000000 00:00 0 
7fa4c974c000-7fa4c9b50000 rw-p 00000000 00:00 0 
7fa4c9b50000-7fa4c9b51000 ---p 00000000 00:00 0 
7fa4c9b51000-7fa4c9c51000 rw-p 00000000 00:00 0 
7fa4c9c51000-7fa4c9ec1000 rwxp 00000000 00:00 0 
7fa4c9ec1000-7fa4ca1e1000 ---p 00000000 00:00 0 
7fa4ca1e1000-7fa4ca541000 rwxp 00000000 00:00 0 
7fa4ca541000-7fa4d1719000 ---p 00000000 00:00 0 
7fa4d1719000-7fa4d1989000 rwxp 00000000 00:00 0 
7fa4d1989000-7fa4d8c51000 ---p 00000000 00:00 0 
7fa4d8c51000-7fa4e0000000 r--s 00000000 08:04 5274812                    /usr/lib/jvm/java-9-openjdk-amd64/lib/modules
7fa4e0000000-7fa4e04ec000 rw-p 00000000 00:00 0 
7fa4e04ec000-7fa4e4000000 ---p 00000000 00:00 0 
7fa4e4000000-7fa4e4001000 r--s 00000000 08:04 5262296                    /var/cache/fontconfig/564b2e68ac9bc4e36a6f7f6d6125ec1c-le64.cache-6
7fa4e4001000-7fa4e4002000 r--s 00000000 08:04 5262294                    /var/cache/fontconfig/56cf4f4769d0f4abc89a4895d7bd3ae1-le64.cache-6
7fa4e4002000-7fa4e4003000 r--s 00000000 08:04 5262293                    /var/cache/fontconfig/b9d506c9ac06c20b433354fa67a72993-le64.cache-6
7fa4e4003000-7fa4e4004000 r--s 00000000 08:04 5262290                    /var/cache/fontconfig/370e5b74bf5dafc30834de68e24a87a4-le64.cache-6
7fa4e4004000-7fa4e4005000 r--s 00000000 08:04 5262289                    /var/cache/fontconfig/6b2c5944714ca7831b25bed9e85cb5c8-le64.cache-6
7fa4e4005000-7fa4e4010000 r--s 00000000 08:04 5262283                    /var/cache/fontconfig/d589a48862398ed80a3d6066f4f56f4c-le64.cache-6
7fa4e4010000-7fa4e4022000 r--s 00000000 08:04 5262275                    /var/cache/fontconfig/9b89f8e3dae116d678bbf48e5f21f69b-le64.cache-6
7fa4e403a000-7fa4e403b000 ---p 00000000 00:00 0 
7fa4e403b000-7fa4e418f000 rw-p 00000000 00:00 0 
7fa4e418f000-7fa4e473b000 ---p 00000000 00:00 0 
7fa4e473b000-7fa4e478f000 rw-p 00000000 00:00 0 
7fa4e478f000-7fa4e4d3b000 ---p 00000000 00:00 0 
7fa4e4d3b000-7fa4e4d46000 rw-p 00000000 00:00 0 
7fa4e4d46000-7fa4e4dfb000 ---p 00000000 00:00 0 
7fa4e4dfb000-7fa4e4e06000 rw-p 00000000 00:00 0 
7fa4e4e06000-7fa4e4f7b000 ---p 00000000 00:00 0 
7fa4e4f7b000-7fa4e4f7c000 ---p 00000000 00:00 0 
7fa4e4f7c000-7fa4e507c000 rw-p 00000000 00:00 0 
7fa4e507c000-7fa4e507d000 ---p 00000000 00:00 0 
7fa4e507d000-7fa4e517d000 rw-p 00000000 00:00 0 
7fa4e517d000-7fa4e517e000 ---p 00000000 00:00 0 
7fa4e517e000-7fa4e527e000 rw-p 00000000 00:00 0 
7fa4e527e000-7fa4e527f000 ---p 00000000 00:00 0 
7fa4e527f000-7fa4e537f000 rw-p 00000000 00:00 0 
7fa4e537f000-7fa4e5380000 ---p 00000000 00:00 0 
7fa4e5380000-7fa4e5884000 rw-p 00000000 00:00 0 
7fa4e5884000-7fa4e5885000 ---p 00000000 00:00 0 
7fa4e5885000-7fa4e5985000 rw-p 00000000 00:00 0 
7fa4e5985000-7fa4e5986000 ---p 00000000 00:00 0 
7fa4e5986000-7fa4e5a86000 rw-p 00000000 00:00 0 
7fa4e5a86000-7fa4e5a87000 ---p 00000000 00:00 0 
7fa4e5a87000-7fa4e5b87000 rw-p 00000000 00:00 0 
7fa4e5b87000-7fa4e5b88000 ---p 00000000 00:00 0 
7fa4e5b88000-7fa4e5c8d000 rw-p 00000000 00:00 0 
7fa4e5c8d000-7fa4e5d73000 ---p 00000000 00:00 0 
7fa4e5d73000-7fa4e5d7a000 rw-p 00000000 00:00 0 
7fa4e5d7a000-7fa4e5e5e000 ---p 00000000 00:00 0 
7fa4e5e5e000-7fa4e5e63000 r-xp 00000000 08:04 5539040                    /usr/lib/jvm/java-9-openjdk-amd64/lib/amd64/libjimage.so
7fa4e5e63000-7fa4e6062000 ---p 00005000 08:04 5539040                    /usr/lib/jvm/java-9-openjdk-amd64/lib/amd64/libjimage.so
7fa4e6062000-7fa4e6063000 r--p 00004000 08:04 5539040                    /usr/lib/jvm/java-9-openjdk-amd64/lib/amd64/libjimage.so
7fa4e6063000-7fa4e6064000 rw-p 00005000 08:04 5539040                    /usr/lib/jvm/java-9-openjdk-amd64/lib/amd64/libjimage.so
7fa4e6064000-7fa4e606b000 r-xp 00000000 08:04 5539036                    /usr/lib/jvm/java-9-openjdk-amd64/lib/amd64/libzip.so
7fa4e606b000-7fa4e626a000 ---p 00007000 08:04 5539036                    /usr/lib/jvm/java-9-openjdk-amd64/lib/amd64/libzip.so
7fa4e626a000-7fa4e626b000 r--p 00006000 08:04 5539036                    /usr/lib/jvm/java-9-openjdk-amd64/lib/amd64/libzip.so
7fa4e626b000-7fa4e626c000 rw-p 00007000 08:04 5539036                    /usr/lib/jvm/java-9-openjdk-amd64/lib/amd64/libzip.so
7fa4e626c000-7fa4e6277000 r-xp 00000000 08:04 6301322                    /lib/x86_64-linux-gnu/libnss_files-2.23.so
7fa4e6277000-7fa4e6476000 ---p 0000b000 08:04 6301322                    /lib/x86_64-linux-gnu/libnss_files-2.23.so
7fa4e6476000-7fa4e6477000 r--p 0000a000 08:04 6301322                    /lib/x86_64-linux-gnu/libnss_files-2.23.so
7fa4e6477000-7fa4e6478000 rw-p 0000b000 08:04 6301322                    /lib/x86_64-linux-gnu/libnss_files-2.23.so
7fa4e6478000-7fa4e647e000 rw-p 00000000 00:00 0 
7fa4e647e000-7fa4e6489000 r-xp 00000000 08:04 6296342                    /lib/x86_64-linux-gnu/libnss_nis-2.23.so
7fa4e6489000-7fa4e6688000 ---p 0000b000 08:04 6296342                    /lib/x86_64-linux-gnu/libnss_nis-2.23.so
7fa4e6688000-7fa4e6689000 r--p 0000a000 08:04 6296342                    /lib/x86_64-linux-gnu/libnss_nis-2.23.so
7fa4e6689000-7fa4e668a000 rw-p 0000b000 08:04 6296342                    /lib/x86_64-linux-gnu/libnss_nis-2.23.so
7fa4e668a000-7fa4e66a0000 r-xp 00000000 08:04 6301306                    /lib/x86_64-linux-gnu/libnsl-2.23.so
7fa4e66a0000-7fa4e689f000 ---p 00016000 08:04 6301306                    /lib/x86_64-linux-gnu/libnsl-2.23.so
7fa4e689f000-7fa4e68a0000 r--p 00015000 08:04 6301306                    /lib/x86_64-linux-gnu/libnsl-2.23.so
7fa4e68a0000-7fa4e68a1000 rw-p 00016000 08:04 6301306                    /lib/x86_64-linux-gnu/libnsl-2.23.so
7fa4e68a1000-7fa4e68a3000 rw-p 00000000 00:00 0 
7fa4e68a3000-7fa4e68ab000 r-xp 00000000 08:04 6301329                    /lib/x86_64-linux-gnu/libnss_compat-2.23.so
7fa4e68ab000-7fa4e6aaa000 ---p 00008000 08:04 6301329                    /lib/x86_64-linux-gnu/libnss_compat-2.23.so
7fa4e6aaa000-7fa4e6aab000 r--p 00007000 08:04 6301329                    /lib/x86_64-linux-gnu/libnss_compat-2.23.so
7fa4e6aab000-7fa4e6aac000 rw-p 00008000 08:04 6301329                    /lib/x86_64-linux-gnu/libnss_compat-2.23.so
7fa4e6aac000-7fa4e6ad7000 r-xp 00000000 08:04 5539019                    /usr/lib/jvm/java-9-openjdk-amd64/lib/amd64/libjava.so
7fa4e6ad7000-7fa4e6cd6000 ---p 0002b000 08:04 5539019                    /usr/lib/jvm/java-9-openjdk-amd64/lib/amd64/libjava.so
7fa4e6cd6000-7fa4e6cd7000 r--p 0002a000 08:04 5539019                    /usr/lib/jvm/java-9-openjdk-amd64/lib/amd64/libjava.so
7fa4e6cd7000-7fa4e6cd9000 rw-p 0002b000 08:04 5539019                    /usr/lib/jvm/java-9-openjdk-amd64/lib/amd64/libjava.so
7fa4e6cd9000-7fa4e6ce6000 r-xp 00000000 08:04 5539020                    /usr/lib/jvm/java-9-openjdk-amd64/lib/amd64/libverify.so
7fa4e6ce6000-7fa4e6ee5000 ---p 0000d000 08:04 5539020                    /usr/lib/jvm/java-9-openjdk-amd64/lib/amd64/libverify.so
7fa4e6ee5000-7fa4e6ee7000 r--p 0000c000 08:04 5539020                    /usr/lib/jvm/java-9-openjdk-amd64/lib/amd64/libverify.so
7fa4e6ee7000-7fa4e6ee8000 rw-p 0000e000 08:04 5539020                    /usr/lib/jvm/java-9-openjdk-amd64/lib/amd64/libverify.so
7fa4e6ee8000-7fa4e6eef000 r-xp 00000000 08:04 6301334                    /lib/x86_64-linux-gnu/librt-2.23.so
7fa4e6eef000-7fa4e70ee000 ---p 00007000 08:04 6301334                    /lib/x86_64-linux-gnu/librt-2.23.so
7fa4e70ee000-7fa4e70ef000 r--p 00006000 08:04 6301334                    /lib/x86_64-linux-gnu/librt-2.23.so
7fa4e70ef000-7fa4e70f0000 rw-p 00007000 08:04 6301334                    /lib/x86_64-linux-gnu/librt-2.23.so
7fa4e70f0000-7fa4e7106000 r-xp 00000000 08:04 6296197                    /lib/x86_64-linux-gnu/libgcc_s.so.1
7fa4e7106000-7fa4e7305000 ---p 00016000 08:04 6296197                    /lib/x86_64-linux-gnu/libgcc_s.so.1
7fa4e7305000-7fa4e7306000 rw-p 00015000 08:04 6296197                    /lib/x86_64-linux-gnu/libgcc_s.so.1
7fa4e7306000-7fa4e740e000 r-xp 00000000 08:04 6301303                    /lib/x86_64-linux-gnu/libm-2.23.so
7fa4e740e000-7fa4e760d000 ---p 00108000 08:04 6301303                    /lib/x86_64-linux-gnu/libm-2.23.so
7fa4e760d000-7fa4e760e000 r--p 00107000 08:04 6301303                    /lib/x86_64-linux-gnu/libm-2.23.so
7fa4e760e000-7fa4e760f000 rw-p 00108000 08:04 6301303                    /lib/x86_64-linux-gnu/libm-2.23.so
7fa4e760f000-7fa4e7781000 r-xp 00000000 08:04 5116438                    /usr/lib/x86_64-linux-gnu/libstdc++.so.6.0.21
7fa4e7781000-7fa4e7981000 ---p 00172000 08:04 5116438                    /usr/lib/x86_64-linux-gnu/libstdc++.so.6.0.21
7fa4e7981000-7fa4e798b000 r--p 00172000 08:04 5116438                    /usr/lib/x86_64-linux-gnu/libstdc++.so.6.0.21
7fa4e798b000-7fa4e798d000 rw-p 0017c000 08:04 5116438                    /usr/lib/x86_64-linux-gnu/libstdc++.so.6.0.21
7fa4e798d000-7fa4e7991000 rw-p 00000000 00:00 0 
7fa4e7991000-7fa4e87ef000 r-xp 00000000 08:04 5539033                    /usr/lib/jvm/java-9-openjdk-amd64/lib/amd64/server/libjvm.so
7fa4e87ef000-7fa4e89ef000 ---p 00e5e000 08:04 5539033                    /usr/lib/jvm/java-9-openjdk-amd64/lib/amd64/server/libjvm.so
7fa4e89ef000-7fa4e8aa1000 r--p 00e5e000 08:04 5539033                    /usr/lib/jvm/java-9-openjdk-amd64/lib/amd64/server/libjvm.so
7fa4e8aa1000-7fa4e8ad3000 rw-p 00f10000 08:04 5539033                    /usr/lib/jvm/java-9-openjdk-amd64/lib/amd64/server/libjvm.so
7fa4e8ad3000-7fa4e8b18000 rw-p 00000000 00:00 0 
7fa4e8b18000-7fa4e8b30000 r-xp 00000000 08:04 6315385                    /lib/x86_64-linux-gnu/libpthread-2.23.so
7fa4e8b30000-7fa4e8d2f000 ---p 00018000 08:04 6315385                    /lib/x86_64-linux-gnu/libpthread-2.23.so
7fa4e8d2f000-7fa4e8d30000 r--p 00017000 08:04 6315385                    /lib/x86_64-linux-gnu/libpthread-2.23.so
7fa4e8d30000-7fa4e8d31000 rw-p 00018000 08:04 6315385                    /lib/x86_64-linux-gnu/libpthread-2.23.so
7fa4e8d31000-7fa4e8d35000 rw-p 00000000 00:00 0 
7fa4e8d35000-7fa4e8d38000 r-xp 00000000 08:04 6296314                    /lib/x86_64-linux-gnu/libdl-2.23.so
7fa4e8d38000-7fa4e8f37000 ---p 00003000 08:04 6296314                    /lib/x86_64-linux-gnu/libdl-2.23.so
7fa4e8f37000-7fa4e8f38000 r--p 00002000 08:04 6296314                    /lib/x86_64-linux-gnu/libdl-2.23.so
7fa4e8f38000-7fa4e8f39000 rw-p 00003000 08:04 6296314                    /lib/x86_64-linux-gnu/libdl-2.23.so
7fa4e8f39000-7fa4e8f52000 r-xp 00000000 08:04 6301230                    /lib/x86_64-linux-gnu/libz.so.1.2.8
7fa4e8f52000-7fa4e9151000 ---p 00019000 08:04 6301230                    /lib/x86_64-linux-gnu/libz.so.1.2.8
7fa4e9151000-7fa4e9152000 r--p 00018000 08:04 6301230                    /lib/x86_64-linux-gnu/libz.so.1.2.8
7fa4e9152000-7fa4e9153000 rw-p 00019000 08:04 6301230                    /lib/x86_64-linux-gnu/libz.so.1.2.8
7fa4e9153000-7fa4e9312000 r-xp 00000000 08:04 6301309                    /lib/x86_64-linux-gnu/libc-2.23.so
7fa4e9312000-7fa4e9512000 ---p 001bf000 08:04 6301309                    /lib/x86_64-linux-gnu/libc-2.23.so
7fa4e9512000-7fa4e9516000 r--p 001bf000 08:04 6301309                    /lib/x86_64-linux-gnu/libc-2.23.so
7fa4e9516000-7fa4e9518000 rw-p 001c3000 08:04 6301309                    /lib/x86_64-linux-gnu/libc-2.23.so
7fa4e9518000-7fa4e951c000 rw-p 00000000 00:00 0 
7fa4e951c000-7fa4e952a000 r-xp 00000000 08:04 5804580                    /usr/lib/jvm/java-9-openjdk-amd64/lib/amd64/jli/libjli.so
7fa4e952a000-7fa4e9729000 ---p 0000e000 08:04 5804580                    /usr/lib/jvm/java-9-openjdk-amd64/lib/amd64/jli/libjli.so
7fa4e9729000-7fa4e972a000 r--p 0000d000 08:04 5804580                    /usr/lib/jvm/java-9-openjdk-amd64/lib/amd64/jli/libjli.so
7fa4e972a000-7fa4e972b000 rw-p 0000e000 08:04 5804580                    /usr/lib/jvm/java-9-openjdk-amd64/lib/amd64/jli/libjli.so
7fa4e972b000-7fa4e9751000 r-xp 00000000 08:04 6301313                    /lib/x86_64-linux-gnu/ld-2.23.so
7fa4e9751000-7fa4e9752000 r--s 00000000 08:04 5262288                    /var/cache/fontconfig/d5178ab6d91b49bf20a416737dcea9e8-le64.cache-6
7fa4e9752000-7fa4e9753000 r--s 00000000 08:04 5262287                    /var/cache/fontconfig/551ecf3b0e8b0bca0f25c0944f561853-le64.cache-6
7fa4e9753000-7fa4e9756000 r--s 00000000 08:04 5262286                    /var/cache/fontconfig/f259c2cffa685e28062317905db73c4a-le64.cache-6
7fa4e9756000-7fa4e9758000 r--s 00000000 08:04 5262285                    /var/cache/fontconfig/550f3886151c940c12a5ed35f6a00586-le64.cache-6
7fa4e9758000-7fa4e975b000 r--s 00000000 08:04 5262284                    /var/cache/fontconfig/674d1711f2d1d2a09646eb0bdcadee49-le64.cache-6
7fa4e975b000-7fa4e975c000 r--s 00000000 08:04 5262282                    /var/cache/fontconfig/0c9eb80ebd1c36541ebe2852d3bb0c49-le64.cache-6
7fa4e975c000-7fa4e975d000 r--s 00000000 08:04 5262281                    /var/cache/fontconfig/22368d551a680bfe5a62c02760edf4ea-le64.cache-6
7fa4e975d000-7fa4e975e000 r--s 00000000 08:04 5262280                    /var/cache/fontconfig/4d9c95eba1cb85bbcf2878543262124a-le64.cache-6
7fa4e975e000-7fa4e975f000 r--s 00000000 08:04 5262279                    /var/cache/fontconfig/85e0a52ce643a7ba2ae53e5d6949cead-le64.cache-6
7fa4e975f000-7fa4e9760000 r--s 00000000 08:04 5262278                    /var/cache/fontconfig/49f0de54bdd920fe4f0dfd4cbac43e6b-le64.cache-6
7fa4e9760000-7fa4e976b000 rw-p 00000000 00:00 0 
7fa4e976b000-7fa4e9820000 ---p 00000000 00:00 0 
7fa4e9820000-7fa4e9824000 ---p 00000000 00:00 0 
7fa4e9824000-7fa4e9926000 rw-p 00000000 00:00 0 
7fa4e9926000-7fa4e9927000 r--s 00000000 08:04 5262277                    /var/cache/fontconfig/f6e6e0a5c3d2f6ae0c0c2e0ecd42a997-le64.cache-6
7fa4e9927000-7fa4e9928000 r--s 00000000 08:04 5243118                    /var/cache/fontconfig/4b2eda6bb976bda485cb2176619421d5-le64.cache-6
7fa4e9928000-7fa4e9931000 r--s 00000000 08:04 5243151                    /var/cache/fontconfig/d0972c3d32f097851eb916381fc38920-le64.cache-6
7fa4e9931000-7fa4e9934000 r--s 00000000 08:04 5243373                    /var/cache/fontconfig/e13b20fdb08344e0e664864cc2ede53d-le64.cache-6
7fa4e9934000-7fa4e9938000 r--s 00000000 08:04 5246829                    /var/cache/fontconfig/7ef2298fde41cc6eeb7af42e48b7d293-le64.cache-6
7fa4e9938000-7fa4e993d000 rw-p 00000000 00:00 0 
7fa4e993d000-7fa4e9944000 ---p 00000000 00:00 0 
7fa4e9944000-7fa4e994c000 rw-s 00000000 08:04 1760766                    /tmp/hsperfdata_wagner/9410
7fa4e994c000-7fa4e994d000 rw-p 00000000 00:00 0 
7fa4e994d000-7fa4e994e000 r--p 00000000 00:00 0 
7fa4e994e000-7fa4e9950000 rw-p 00000000 00:00 0 
7fa4e9950000-7fa4e9951000 r--p 00025000 08:04 6301313                    /lib/x86_64-linux-gnu/ld-2.23.so
7fa4e9951000-7fa4e9952000 rw-p 00026000 08:04 6301313                    /lib/x86_64-linux-gnu/ld-2.23.so
7fa4e9952000-7fa4e9953000 rw-p 00000000 00:00 0 
7ffe34704000-7ffe34725000 rw-p 00000000 00:00 0                          [stack]
7ffe347a9000-7ffe347ab000 r--p 00000000 00:00 0                          [vvar]
7ffe347ab000-7ffe347ad000 r-xp 00000000 00:00 0                          [vdso]
ffffffffff600000-ffffffffff601000 r-xp 00000000 00:00 0                  [vsyscall]

VM Arguments:
jvm_args: -Xms16m -Xmx384m 
java_command: /usr/lib/astah_community/astah-community.jar   
java_class_path (initial): /usr/lib/astah_community/astah-community.jar
Launcher Type: SUN_STANDARD

Environment Variables:
JAVA_HOME=/usr/lib/jvm/java-9-openjdk-amd64/
PATH=/usr/lib/jvm/java-9-openjdk-amd64//bin:/usr/local/sbin:/usr/local/bin:/usr/sbin:/usr/bin:/sbin:/bin:/usr/games:/usr/local/games:/usr/lib/jvm/java-8-oracle/bin:/usr/lib/jvm/java-8-oracle/db/bin:/usr/lib/jvm/java-8-oracle/jre/bin:/home/wagner/.rvm/bin:/home/wagner/Android/Sdk/tools:/home/wagner/Android/Sdk/platform-tools:/home/wagner/.rvm/bin:/home/wagner/Android/Sdk/tools:/home/wagner/Android/Sdk/platform-tools
USERNAME=wagner
SHELL=/bin/bash
DISPLAY=:0

Signal Handlers:
SIGSEGV: [libjvm.so+0xc12c20], sa_mask[0]=11111111011111111101111111111110, sa_flags=SA_RESTART|SA_SIGINFO
SIGBUS: [libjvm.so+0xc12c20], sa_mask[0]=11111111011111111101111111111110, sa_flags=SA_RESTART|SA_SIGINFO
SIGFPE: [libjvm.so+0xc12c20], sa_mask[0]=11111111011111111101111111111110, sa_flags=SA_RESTART|SA_SIGINFO
SIGPIPE: SIG_IGN, sa_mask[0]=00000000000010000000000000000000, sa_flags=SA_RESTART
SIGXFSZ: [libjvm.so+0xa3b600], sa_mask[0]=11111111011111111101111111111110, sa_flags=SA_RESTART|SA_SIGINFO
SIGILL: [libjvm.so+0xc12c20], sa_mask[0]=11111111011111111101111111111110, sa_flags=SA_RESTART|SA_SIGINFO
SIGUSR2: [libjvm.so+0xa3b4a0], sa_mask[0]=00000000000000000000000000000000, sa_flags=SA_RESTART|SA_SIGINFO
SIGHUP: [libjvm.so+0xa3b870], sa_mask[0]=11111111011111111101111111111110, sa_flags=SA_RESTART|SA_SIGINFO
SIGINT: [libjvm.so+0xa3b870], sa_mask[0]=11111111011111111101111111111110, sa_flags=SA_RESTART|SA_SIGINFO
SIGTERM: [libjvm.so+0xa3b870], sa_mask[0]=11111111011111111101111111111110, sa_flags=SA_RESTART|SA_SIGINFO
SIGQUIT: [libjvm.so+0xa3b870], sa_mask[0]=11111111011111111101111111111110, sa_flags=SA_RESTART|SA_SIGINFO


---------------  S Y S T E M  ---------------

OS:DISTRIB_ID=LinuxMint
DISTRIB_RELEASE=18.1
DISTRIB_CODENAME=serena
DISTRIB_DESCRIPTION="Linux Mint 18.1 Serena"
uname:Linux 4.8.0-53-generic #56~16.04.1-Ubuntu SMP Tue May 16 01:18:56 UTC 2017 x86_64
libc:glibc 2.23 NPTL 2.23 
rlimit: STACK 8192k, CORE 0k, NPROC 15416, NOFILE 65536, AS infinity
load average:0,66 0,63 0,63

/proc/meminfo:
MemTotal:        3991776 kB
MemFree:          296280 kB
MemAvailable:    1340116 kB
Buffers:          327156 kB
Cached:          1074376 kB
SwapCached:            0 kB
Active:          2418372 kB
Inactive:         832912 kB
Active(anon):    1864900 kB
Inactive(anon):   374136 kB
Active(file):     553472 kB
Inactive(file):   458776 kB
Unevictable:           0 kB
Mlocked:               0 kB
SwapTotal:             0 kB
SwapFree:              0 kB
Dirty:               168 kB
Writeback:             0 kB
AnonPages:       1742256 kB
Mapped:           398952 kB
Shmem:            389284 kB
Slab:             353952 kB
SReclaimable:     320588 kB
SUnreclaim:        33364 kB
KernelStack:       10624 kB
PageTables:        34036 kB
NFS_Unstable:          0 kB
Bounce:                0 kB
WritebackTmp:          0 kB
CommitLimit:     1995888 kB
Committed_AS:    6442968 kB
VmallocTotal:   34359738367 kB
VmallocUsed:           0 kB
VmallocChunk:          0 kB
HardwareCorrupted:     0 kB
AnonHugePages:    440320 kB
ShmemHugePages:        0 kB
ShmemPmdMapped:        0 kB
CmaTotal:              0 kB
CmaFree:               0 kB
HugePages_Total:       0
HugePages_Free:        0
HugePages_Rsvd:        0
HugePages_Surp:        0
Hugepagesize:       2048 kB
DirectMap4k:      102656 kB
DirectMap2M:     4038656 kB


CPU:total 4 (2 cores per cpu, 2 threads per core) family 6 model 42 stepping 7, cmov, cx8, fxsr, mmx, sse, sse2, sse3, ssse3, sse4.1, sse4.2, popcnt, avx, clmul, ht, tsc, tscinvbit

CPU Model and flags from /proc/cpuinfo:
model name	: Intel(R) Core(TM) i5-2410M CPU @ 2.30GHz
flags		: fpu vme de pse tsc msr pae mce cx8 apic sep mtrr pge mca cmov pat pse36 clflush dts acpi mmx fxsr sse sse2 ss ht tm pbe syscall nx rdtscp lm constant_tsc arch_perfmon pebs bts rep_good nopl xtopology nonstop_tsc aperfmperf eagerfpu pni pclmulqdq dtes64 monitor ds_cpl vmx est tm2 ssse3 cx16 xtpr pdcm pcid sse4_1 sse4_2 x2apic popcnt tsc_deadline_timer xsave avx lahf_lm epb tpr_shadow vnmi flexpriority ept vpid xsaveopt dtherm ida arat pln pts

Memory: 4k page, physical 3991776k(296032k free), swap 0k(0k free)

vm_info: OpenJDK 64-Bit Server VM (9-internal+0-2016-04-14-195246.buildd.src) for linux-amd64 JRE (9-internal+0-2016-04-14-195246.buildd.src), built on Apr 14 2016 20:05:37 by "buildd" with gcc 5.3.1 20160413

END.
